{"/Users/twu/Sites/fliplet/widgets/fliplet-widget-app-merge/src/middleware/middleware.js": {"path":"/Users/twu/Sites/fliplet/widgets/fliplet-widget-app-merge/src/middleware/middleware.js","statementMap":{"0":{"start":{"line":26,"column":18},"end":{"line":26,"column":45}},"1":{"start":{"line":27,"column":21},"end":{"line":27,"column":51}},"2":{"start":{"line":28,"column":25},"end":{"line":28,"column":59}},"3":{"start":{"line":29,"column":21},"end":{"line":29,"column":51}},"4":{"start":{"line":32,"column":23},"end":{"line":32,"column":54}},"5":{"start":{"line":33,"column":32},"end":{"line":33,"column":72}},"6":{"start":{"line":34,"column":24},"end":{"line":34,"column":56}},"7":{"start":{"line":35,"column":30},"end":{"line":35,"column":68}},"8":{"start":{"line":36,"column":24},"end":{"line":36,"column":56}},"9":{"start":{"line":37,"column":24},"end":{"line":37,"column":56}},"10":{"start":{"line":40,"column":29},"end":{"line":40,"column":74}},"11":{"start":{"line":41,"column":26},"end":{"line":41,"column":68}},"12":{"start":{"line":42,"column":37},"end":{"line":42,"column":90}},"13":{"start":{"line":43,"column":33},"end":{"line":43,"column":82}},"14":{"start":{"line":46,"column":21},"end":{"line":46,"column":52}},"15":{"start":{"line":47,"column":19},"end":{"line":47,"column":48}},"16":{"start":{"line":48,"column":21},"end":{"line":48,"column":52}},"17":{"start":{"line":51,"column":28},"end":{"line":51,"column":56}},"18":{"start":{"line":60,"column":4},"end":{"line":60,"column":33}},"19":{"start":{"line":61,"column":4},"end":{"line":61,"column":23}},"20":{"start":{"line":62,"column":4},"end":{"line":62,"column":29}},"21":{"start":{"line":65,"column":4},"end":{"line":65,"column":19}},"22":{"start":{"line":66,"column":4},"end":{"line":66,"column":18}},"23":{"start":{"line":67,"column":4},"end":{"line":67,"column":26}},"24":{"start":{"line":68,"column":4},"end":{"line":68,"column":20}},"25":{"start":{"line":81,"column":4},"end":{"line":83,"column":5}},"26":{"start":{"line":82,"column":6},"end":{"line":82,"column":56}},"27":{"start":{"line":86,"column":4},"end":{"line":86,"column":69}},"28":{"start":{"line":89,"column":4},"end":{"line":89,"column":49}},"29":{"start":{"line":90,"column":4},"end":{"line":93,"column":7}},"30":{"start":{"line":94,"column":4},"end":{"line":94,"column":39}},"31":{"start":{"line":97,"column":4},"end":{"line":97,"column":42}},"32":{"start":{"line":98,"column":4},"end":{"line":98,"column":71}},"33":{"start":{"line":99,"column":4},"end":{"line":99,"column":56}},"34":{"start":{"line":100,"column":4},"end":{"line":100,"column":48}},"35":{"start":{"line":103,"column":4},"end":{"line":103,"column":60}},"36":{"start":{"line":104,"column":4},"end":{"line":104,"column":78}},"37":{"start":{"line":105,"column":4},"end":{"line":105,"column":62}},"38":{"start":{"line":106,"column":4},"end":{"line":106,"column":74}},"39":{"start":{"line":107,"column":4},"end":{"line":107,"column":62}},"40":{"start":{"line":108,"column":4},"end":{"line":108,"column":62}},"41":{"start":{"line":111,"column":4},"end":{"line":114,"column":6}},"42":{"start":{"line":116,"column":4},"end":{"line":120,"column":6}},"43":{"start":{"line":122,"column":4},"end":{"line":131,"column":7}},"44":{"start":{"line":133,"column":4},"end":{"line":137,"column":6}},"45":{"start":{"line":139,"column":4},"end":{"line":139,"column":28}},"46":{"start":{"line":150,"column":4},"end":{"line":150,"column":29}},"47":{"start":{"line":152,"column":4},"end":{"line":152,"column":83}},"48":{"start":{"line":162,"column":4},"end":{"line":162,"column":29}},"49":{"start":{"line":164,"column":4},"end":{"line":164,"column":71}},"50":{"start":{"line":174,"column":4},"end":{"line":174,"column":29}},"51":{"start":{"line":176,"column":4},"end":{"line":176,"column":68}},"52":{"start":{"line":186,"column":4},"end":{"line":186,"column":29}},"53":{"start":{"line":188,"column":4},"end":{"line":188,"column":69}},"54":{"start":{"line":198,"column":4},"end":{"line":198,"column":29}},"55":{"start":{"line":200,"column":4},"end":{"line":200,"column":72}},"56":{"start":{"line":210,"column":4},"end":{"line":210,"column":29}},"57":{"start":{"line":212,"column":4},"end":{"line":212,"column":71}},"58":{"start":{"line":224,"column":4},"end":{"line":224,"column":29}},"59":{"start":{"line":226,"column":4},"end":{"line":226,"column":87}},"60":{"start":{"line":237,"column":4},"end":{"line":237,"column":29}},"61":{"start":{"line":239,"column":4},"end":{"line":239,"column":75}},"62":{"start":{"line":250,"column":4},"end":{"line":250,"column":29}},"63":{"start":{"line":252,"column":4},"end":{"line":252,"column":47}},"64":{"start":{"line":263,"column":4},"end":{"line":263,"column":29}},"65":{"start":{"line":265,"column":4},"end":{"line":265,"column":48}},"66":{"start":{"line":274,"column":4},"end":{"line":276,"column":5}},"67":{"start":{"line":275,"column":6},"end":{"line":275,"column":41}},"68":{"start":{"line":278,"column":4},"end":{"line":280,"column":5}},"69":{"start":{"line":279,"column":6},"end":{"line":279,"column":43}},"70":{"start":{"line":282,"column":4},"end":{"line":284,"column":5}},"71":{"start":{"line":283,"column":6},"end":{"line":283,"column":38}},"72":{"start":{"line":286,"column":4},"end":{"line":288,"column":5}},"73":{"start":{"line":287,"column":6},"end":{"line":287,"column":42}},"74":{"start":{"line":297,"column":4},"end":{"line":299,"column":5}},"75":{"start":{"line":298,"column":6},"end":{"line":298,"column":78}},"76":{"start":{"line":304,"column":0},"end":{"line":306,"column":1}},"77":{"start":{"line":305,"column":2},"end":{"line":305,"column":38}}},"fnMap":{"0":{"name":"(anonymous_0)","decl":{"start":{"line":59,"column":2},"end":{"line":59,"column":3}},"loc":{"start":{"line":59,"column":31},"end":{"line":69,"column":3}},"line":59},"1":{"name":"(anonymous_1)","decl":{"start":{"line":80,"column":2},"end":{"line":80,"column":3}},"loc":{"start":{"line":80,"column":32},"end":{"line":140,"column":3}},"line":80},"2":{"name":"(anonymous_2)","decl":{"start":{"line":149,"column":2},"end":{"line":149,"column":3}},"loc":{"start":{"line":149,"column":54},"end":{"line":153,"column":3}},"line":149},"3":{"name":"(anonymous_3)","decl":{"start":{"line":161,"column":2},"end":{"line":161,"column":3}},"loc":{"start":{"line":161,"column":31},"end":{"line":165,"column":3}},"line":161},"4":{"name":"(anonymous_4)","decl":{"start":{"line":173,"column":2},"end":{"line":173,"column":3}},"loc":{"start":{"line":173,"column":33},"end":{"line":177,"column":3}},"line":173},"5":{"name":"(anonymous_5)","decl":{"start":{"line":185,"column":2},"end":{"line":185,"column":3}},"loc":{"start":{"line":185,"column":40},"end":{"line":189,"column":3}},"line":185},"6":{"name":"(anonymous_6)","decl":{"start":{"line":197,"column":2},"end":{"line":197,"column":3}},"loc":{"start":{"line":197,"column":43},"end":{"line":201,"column":3}},"line":197},"7":{"name":"(anonymous_7)","decl":{"start":{"line":209,"column":2},"end":{"line":209,"column":3}},"loc":{"start":{"line":209,"column":42},"end":{"line":213,"column":3}},"line":209},"8":{"name":"(anonymous_8)","decl":{"start":{"line":223,"column":2},"end":{"line":223,"column":3}},"loc":{"start":{"line":223,"column":62},"end":{"line":227,"column":3}},"line":223},"9":{"name":"(anonymous_9)","decl":{"start":{"line":236,"column":2},"end":{"line":236,"column":3}},"loc":{"start":{"line":236,"column":45},"end":{"line":240,"column":3}},"line":236},"10":{"name":"(anonymous_10)","decl":{"start":{"line":249,"column":2},"end":{"line":249,"column":3}},"loc":{"start":{"line":249,"column":21},"end":{"line":253,"column":3}},"line":249},"11":{"name":"(anonymous_11)","decl":{"start":{"line":262,"column":2},"end":{"line":262,"column":3}},"loc":{"start":{"line":262,"column":22},"end":{"line":266,"column":3}},"line":262},"12":{"name":"(anonymous_12)","decl":{"start":{"line":273,"column":2},"end":{"line":273,"column":3}},"loc":{"start":{"line":273,"column":12},"end":{"line":289,"column":3}},"line":273},"13":{"name":"(anonymous_13)","decl":{"start":{"line":296,"column":2},"end":{"line":296,"column":3}},"loc":{"start":{"line":296,"column":22},"end":{"line":300,"column":3}},"line":296}},"branchMap":{"0":{"loc":{"start":{"line":59,"column":14},"end":{"line":59,"column":29}},"type":"default-arg","locations":[{"start":{"line":59,"column":27},"end":{"line":59,"column":29}}],"line":59},"1":{"loc":{"start":{"line":80,"column":19},"end":{"line":80,"column":30}},"type":"default-arg","locations":[{"start":{"line":80,"column":28},"end":{"line":80,"column":30}}],"line":80},"2":{"loc":{"start":{"line":81,"column":4},"end":{"line":83,"column":5}},"type":"if","locations":[{"start":{"line":81,"column":4},"end":{"line":83,"column":5}},{"start":{},"end":{}}],"line":81},"3":{"loc":{"start":{"line":149,"column":40},"end":{"line":149,"column":52}},"type":"default-arg","locations":[{"start":{"line":149,"column":50},"end":{"line":149,"column":52}}],"line":149},"4":{"loc":{"start":{"line":173,"column":19},"end":{"line":173,"column":31}},"type":"default-arg","locations":[{"start":{"line":173,"column":29},"end":{"line":173,"column":31}}],"line":173},"5":{"loc":{"start":{"line":185,"column":26},"end":{"line":185,"column":38}},"type":"default-arg","locations":[{"start":{"line":185,"column":36},"end":{"line":185,"column":38}}],"line":185},"6":{"loc":{"start":{"line":197,"column":29},"end":{"line":197,"column":41}},"type":"default-arg","locations":[{"start":{"line":197,"column":39},"end":{"line":197,"column":41}}],"line":197},"7":{"loc":{"start":{"line":209,"column":28},"end":{"line":209,"column":40}},"type":"default-arg","locations":[{"start":{"line":209,"column":38},"end":{"line":209,"column":40}}],"line":209},"8":{"loc":{"start":{"line":223,"column":48},"end":{"line":223,"column":60}},"type":"default-arg","locations":[{"start":{"line":223,"column":58},"end":{"line":223,"column":60}}],"line":223},"9":{"loc":{"start":{"line":274,"column":4},"end":{"line":276,"column":5}},"type":"if","locations":[{"start":{"line":274,"column":4},"end":{"line":276,"column":5}},{"start":{},"end":{}}],"line":274},"10":{"loc":{"start":{"line":278,"column":4},"end":{"line":280,"column":5}},"type":"if","locations":[{"start":{"line":278,"column":4},"end":{"line":280,"column":5}},{"start":{},"end":{}}],"line":278},"11":{"loc":{"start":{"line":282,"column":4},"end":{"line":284,"column":5}},"type":"if","locations":[{"start":{"line":282,"column":4},"end":{"line":284,"column":5}},{"start":{},"end":{}}],"line":282},"12":{"loc":{"start":{"line":286,"column":4},"end":{"line":288,"column":5}},"type":"if","locations":[{"start":{"line":286,"column":4},"end":{"line":288,"column":5}},{"start":{},"end":{}}],"line":286},"13":{"loc":{"start":{"line":297,"column":4},"end":{"line":299,"column":5}},"type":"if","locations":[{"start":{"line":297,"column":4},"end":{"line":299,"column":5}},{"start":{},"end":{}}],"line":297},"14":{"loc":{"start":{"line":304,"column":0},"end":{"line":306,"column":1}},"type":"if","locations":[{"start":{"line":304,"column":0},"end":{"line":306,"column":1}},{"start":{},"end":{}}],"line":304},"15":{"loc":{"start":{"line":304,"column":4},"end":{"line":304,"column":51}},"type":"binary-expr","locations":[{"start":{"line":304,"column":4},"end":{"line":304,"column":33}},{"start":{"line":304,"column":37},"end":{"line":304,"column":51}}],"line":304}},"s":{"0":1,"1":1,"2":1,"3":1,"4":1,"5":1,"6":1,"7":1,"8":1,"9":1,"10":1,"11":1,"12":1,"13":1,"14":1,"15":1,"16":1,"17":1,"18":18,"19":18,"20":18,"21":18,"22":18,"23":18,"24":18,"25":13,"26":1,"27":12,"28":12,"29":12,"30":12,"31":12,"32":12,"33":12,"34":12,"35":12,"36":12,"37":12,"38":12,"39":12,"40":12,"41":12,"42":12,"43":12,"44":12,"45":12,"46":1,"47":1,"48":2,"49":1,"50":1,"51":1,"52":0,"53":0,"54":0,"55":0,"56":0,"57":0,"58":1,"59":1,"60":1,"61":1,"62":2,"63":2,"64":1,"65":1,"66":12,"67":12,"68":12,"69":12,"70":12,"71":12,"72":12,"73":12,"74":11,"75":2,"76":1,"77":1},"f":{"0":18,"1":13,"2":1,"3":2,"4":1,"5":0,"6":0,"7":0,"8":1,"9":1,"10":2,"11":1,"12":12,"13":11},"b":{"0":[16],"1":[13],"2":[1,12],"3":[1],"4":[1],"5":[0],"6":[0],"7":[0],"8":[1],"9":[12,0],"10":[12,0],"11":[12,0],"12":[12,0],"13":[2,9],"14":[1,0],"15":[1,1]},"_coverageSchema":"1a1c01bbd47fc00a2c39e90264f33305004495a9","hash":"769edd7a21e038c88601d99f39ebcf98821d3983"}
,"/Users/twu/Sites/fliplet/widgets/fliplet-widget-app-merge/src/middleware/api/AppsApiService.js": {"path":"/Users/twu/Sites/fliplet/widgets/fliplet-widget-app-merge/src/middleware/api/AppsApiService.js","statementMap":{"0":{"start":{"line":18,"column":4},"end":{"line":20,"column":5}},"1":{"start":{"line":19,"column":6},"end":{"line":19,"column":47}},"2":{"start":{"line":22,"column":4},"end":{"line":22,"column":31}},"3":{"start":{"line":61,"column":8},"end":{"line":61,"column":15}},"4":{"start":{"line":64,"column":19},"end":{"line":64,"column":21}},"5":{"start":{"line":66,"column":4},"end":{"line":68,"column":5}},"6":{"start":{"line":67,"column":6},"end":{"line":67,"column":45}},"7":{"start":{"line":70,"column":4},"end":{"line":72,"column":5}},"8":{"start":{"line":71,"column":6},"end":{"line":71,"column":29}},"9":{"start":{"line":75,"column":4},"end":{"line":77,"column":5}},"10":{"start":{"line":76,"column":6},"end":{"line":76,"column":43}},"11":{"start":{"line":79,"column":4},"end":{"line":81,"column":5}},"12":{"start":{"line":80,"column":6},"end":{"line":80,"column":43}},"13":{"start":{"line":83,"column":4},"end":{"line":85,"column":5}},"14":{"start":{"line":84,"column":6},"end":{"line":84,"column":37}},"15":{"start":{"line":88,"column":4},"end":{"line":90,"column":5}},"16":{"start":{"line":89,"column":6},"end":{"line":89,"column":39}},"17":{"start":{"line":93,"column":4},"end":{"line":96,"column":5}},"18":{"start":{"line":94,"column":6},"end":{"line":94,"column":33}},"19":{"start":{"line":95,"column":6},"end":{"line":95,"column":45}},"20":{"start":{"line":99,"column":4},"end":{"line":102,"column":5}},"21":{"start":{"line":100,"column":6},"end":{"line":100,"column":41}},"22":{"start":{"line":101,"column":6},"end":{"line":101,"column":44}},"23":{"start":{"line":104,"column":21},"end":{"line":104,"column":64}},"24":{"start":{"line":106,"column":4},"end":{"line":106,"column":37}},"25":{"start":{"line":124,"column":4},"end":{"line":126,"column":5}},"26":{"start":{"line":125,"column":6},"end":{"line":125,"column":50}},"27":{"start":{"line":128,"column":47},"end":{"line":128,"column":54}},"28":{"start":{"line":130,"column":19},"end":{"line":130,"column":21}},"29":{"start":{"line":132,"column":4},"end":{"line":134,"column":5}},"30":{"start":{"line":133,"column":6},"end":{"line":133,"column":39}},"31":{"start":{"line":136,"column":21},"end":{"line":136,"column":73}},"32":{"start":{"line":138,"column":4},"end":{"line":138,"column":36}},"33":{"start":{"line":156,"column":4},"end":{"line":158,"column":5}},"34":{"start":{"line":157,"column":6},"end":{"line":157,"column":50}},"35":{"start":{"line":160,"column":49},"end":{"line":160,"column":56}},"36":{"start":{"line":162,"column":21},"end":{"line":164,"column":6}},"37":{"start":{"line":166,"column":4},"end":{"line":166,"column":43}},"38":{"start":{"line":181,"column":4},"end":{"line":183,"column":5}},"39":{"start":{"line":182,"column":6},"end":{"line":182,"column":50}},"40":{"start":{"line":185,"column":31},"end":{"line":185,"column":38}},"41":{"start":{"line":187,"column":21},"end":{"line":189,"column":6}},"42":{"start":{"line":191,"column":4},"end":{"line":191,"column":20}},"43":{"start":{"line":205,"column":4},"end":{"line":207,"column":5}},"44":{"start":{"line":206,"column":6},"end":{"line":206,"column":50}},"45":{"start":{"line":209,"column":21},"end":{"line":209,"column":73}},"46":{"start":{"line":211,"column":4},"end":{"line":211,"column":20}},"47":{"start":{"line":226,"column":4},"end":{"line":228,"column":5}},"48":{"start":{"line":227,"column":6},"end":{"line":227,"column":50}},"49":{"start":{"line":230,"column":31},"end":{"line":230,"column":38}},"50":{"start":{"line":232,"column":21},"end":{"line":234,"column":6}},"51":{"start":{"line":236,"column":4},"end":{"line":236,"column":20}},"52":{"start":{"line":241,"column":0},"end":{"line":243,"column":1}},"53":{"start":{"line":242,"column":2},"end":{"line":242,"column":34}}},"fnMap":{"0":{"name":"(anonymous_0)","decl":{"start":{"line":17,"column":2},"end":{"line":17,"column":3}},"loc":{"start":{"line":17,"column":25},"end":{"line":23,"column":3}},"line":17},"1":{"name":"(anonymous_1)","decl":{"start":{"line":52,"column":2},"end":{"line":52,"column":3}},"loc":{"start":{"line":52,"column":32},"end":{"line":107,"column":3}},"line":52},"2":{"name":"(anonymous_2)","decl":{"start":{"line":123,"column":2},"end":{"line":123,"column":3}},"loc":{"start":{"line":123,"column":38},"end":{"line":139,"column":3}},"line":123},"3":{"name":"(anonymous_3)","decl":{"start":{"line":155,"column":2},"end":{"line":155,"column":3}},"loc":{"start":{"line":155,"column":45},"end":{"line":167,"column":3}},"line":155},"4":{"name":"(anonymous_4)","decl":{"start":{"line":180,"column":2},"end":{"line":180,"column":3}},"loc":{"start":{"line":180,"column":37},"end":{"line":192,"column":3}},"line":180},"5":{"name":"(anonymous_5)","decl":{"start":{"line":204,"column":2},"end":{"line":204,"column":3}},"loc":{"start":{"line":204,"column":39},"end":{"line":212,"column":3}},"line":204},"6":{"name":"(anonymous_6)","decl":{"start":{"line":225,"column":2},"end":{"line":225,"column":3}},"loc":{"start":{"line":225,"column":40},"end":{"line":237,"column":3}},"line":225}},"branchMap":{"0":{"loc":{"start":{"line":18,"column":4},"end":{"line":20,"column":5}},"type":"if","locations":[{"start":{"line":18,"column":4},"end":{"line":20,"column":5}},{"start":{},"end":{}}],"line":18},"1":{"loc":{"start":{"line":52,"column":18},"end":{"line":52,"column":30}},"type":"default-arg","locations":[{"start":{"line":52,"column":28},"end":{"line":52,"column":30}}],"line":52},"2":{"loc":{"start":{"line":56,"column":6},"end":{"line":56,"column":18}},"type":"default-arg","locations":[{"start":{"line":56,"column":16},"end":{"line":56,"column":18}}],"line":56},"3":{"loc":{"start":{"line":57,"column":6},"end":{"line":57,"column":17}},"type":"default-arg","locations":[{"start":{"line":57,"column":15},"end":{"line":57,"column":17}}],"line":57},"4":{"loc":{"start":{"line":58,"column":6},"end":{"line":58,"column":44}},"type":"default-arg","locations":[{"start":{"line":58,"column":13},"end":{"line":58,"column":44}}],"line":58},"5":{"loc":{"start":{"line":59,"column":6},"end":{"line":59,"column":41}},"type":"default-arg","locations":[{"start":{"line":59,"column":19},"end":{"line":59,"column":41}}],"line":59},"6":{"loc":{"start":{"line":60,"column":6},"end":{"line":60,"column":23}},"type":"default-arg","locations":[{"start":{"line":60,"column":14},"end":{"line":60,"column":23}}],"line":60},"7":{"loc":{"start":{"line":66,"column":4},"end":{"line":68,"column":5}},"type":"if","locations":[{"start":{"line":66,"column":4},"end":{"line":68,"column":5}},{"start":{},"end":{}}],"line":66},"8":{"loc":{"start":{"line":70,"column":4},"end":{"line":72,"column":5}},"type":"if","locations":[{"start":{"line":70,"column":4},"end":{"line":72,"column":5}},{"start":{},"end":{}}],"line":70},"9":{"loc":{"start":{"line":75,"column":4},"end":{"line":77,"column":5}},"type":"if","locations":[{"start":{"line":75,"column":4},"end":{"line":77,"column":5}},{"start":{},"end":{}}],"line":75},"10":{"loc":{"start":{"line":79,"column":4},"end":{"line":81,"column":5}},"type":"if","locations":[{"start":{"line":79,"column":4},"end":{"line":81,"column":5}},{"start":{},"end":{}}],"line":79},"11":{"loc":{"start":{"line":83,"column":4},"end":{"line":85,"column":5}},"type":"if","locations":[{"start":{"line":83,"column":4},"end":{"line":85,"column":5}},{"start":{},"end":{}}],"line":83},"12":{"loc":{"start":{"line":83,"column":8},"end":{"line":83,"column":63}},"type":"binary-expr","locations":[{"start":{"line":83,"column":8},"end":{"line":83,"column":36}},{"start":{"line":83,"column":40},"end":{"line":83,"column":63}}],"line":83},"13":{"loc":{"start":{"line":88,"column":4},"end":{"line":90,"column":5}},"type":"if","locations":[{"start":{"line":88,"column":4},"end":{"line":90,"column":5}},{"start":{},"end":{}}],"line":88},"14":{"loc":{"start":{"line":93,"column":4},"end":{"line":96,"column":5}},"type":"if","locations":[{"start":{"line":93,"column":4},"end":{"line":96,"column":5}},{"start":{},"end":{}}],"line":93},"15":{"loc":{"start":{"line":93,"column":8},"end":{"line":93,"column":26}},"type":"binary-expr","locations":[{"start":{"line":93,"column":8},"end":{"line":93,"column":12}},{"start":{"line":93,"column":16},"end":{"line":93,"column":26}}],"line":93},"16":{"loc":{"start":{"line":95,"column":25},"end":{"line":95,"column":44}},"type":"binary-expr","locations":[{"start":{"line":95,"column":25},"end":{"line":95,"column":35}},{"start":{"line":95,"column":39},"end":{"line":95,"column":44}}],"line":95},"17":{"loc":{"start":{"line":99,"column":4},"end":{"line":102,"column":5}},"type":"if","locations":[{"start":{"line":99,"column":4},"end":{"line":102,"column":5}},{"start":{},"end":{}}],"line":99},"18":{"loc":{"start":{"line":100,"column":20},"end":{"line":100,"column":40}},"type":"binary-expr","locations":[{"start":{"line":100,"column":20},"end":{"line":100,"column":35}},{"start":{"line":100,"column":39},"end":{"line":100,"column":40}}],"line":100},"19":{"loc":{"start":{"line":101,"column":21},"end":{"line":101,"column":43}},"type":"binary-expr","locations":[{"start":{"line":101,"column":21},"end":{"line":101,"column":37}},{"start":{"line":101,"column":41},"end":{"line":101,"column":43}}],"line":101},"20":{"loc":{"start":{"line":106,"column":11},"end":{"line":106,"column":36}},"type":"binary-expr","locations":[{"start":{"line":106,"column":11},"end":{"line":106,"column":24}},{"start":{"line":106,"column":28},"end":{"line":106,"column":36}}],"line":106},"21":{"loc":{"start":{"line":123,"column":24},"end":{"line":123,"column":36}},"type":"default-arg","locations":[{"start":{"line":123,"column":34},"end":{"line":123,"column":36}}],"line":123},"22":{"loc":{"start":{"line":124,"column":4},"end":{"line":126,"column":5}},"type":"if","locations":[{"start":{"line":124,"column":4},"end":{"line":126,"column":5}},{"start":{},"end":{}}],"line":124},"23":{"loc":{"start":{"line":124,"column":8},"end":{"line":124,"column":43}},"type":"binary-expr","locations":[{"start":{"line":124,"column":8},"end":{"line":124,"column":14}},{"start":{"line":124,"column":18},"end":{"line":124,"column":43}}],"line":124},"24":{"loc":{"start":{"line":128,"column":12},"end":{"line":128,"column":23}},"type":"default-arg","locations":[{"start":{"line":128,"column":21},"end":{"line":128,"column":23}}],"line":128},"25":{"loc":{"start":{"line":128,"column":25},"end":{"line":128,"column":42}},"type":"default-arg","locations":[{"start":{"line":128,"column":33},"end":{"line":128,"column":42}}],"line":128},"26":{"loc":{"start":{"line":132,"column":4},"end":{"line":134,"column":5}},"type":"if","locations":[{"start":{"line":132,"column":4},"end":{"line":134,"column":5}},{"start":{},"end":{}}],"line":132},"27":{"loc":{"start":{"line":138,"column":11},"end":{"line":138,"column":35}},"type":"binary-expr","locations":[{"start":{"line":138,"column":11},"end":{"line":138,"column":23}},{"start":{"line":138,"column":27},"end":{"line":138,"column":35}}],"line":138},"28":{"loc":{"start":{"line":155,"column":31},"end":{"line":155,"column":43}},"type":"default-arg","locations":[{"start":{"line":155,"column":41},"end":{"line":155,"column":43}}],"line":155},"29":{"loc":{"start":{"line":156,"column":4},"end":{"line":158,"column":5}},"type":"if","locations":[{"start":{"line":156,"column":4},"end":{"line":158,"column":5}},{"start":{},"end":{}}],"line":156},"30":{"loc":{"start":{"line":156,"column":8},"end":{"line":156,"column":43}},"type":"binary-expr","locations":[{"start":{"line":156,"column":8},"end":{"line":156,"column":14}},{"start":{"line":156,"column":18},"end":{"line":156,"column":43}}],"line":156},"31":{"loc":{"start":{"line":160,"column":12},"end":{"line":160,"column":44}},"type":"default-arg","locations":[{"start":{"line":160,"column":20},"end":{"line":160,"column":44}}],"line":160},"32":{"loc":{"start":{"line":166,"column":11},"end":{"line":166,"column":42}},"type":"binary-expr","locations":[{"start":{"line":166,"column":11},"end":{"line":166,"column":30}},{"start":{"line":166,"column":34},"end":{"line":166,"column":42}}],"line":166},"33":{"loc":{"start":{"line":180,"column":23},"end":{"line":180,"column":35}},"type":"default-arg","locations":[{"start":{"line":180,"column":33},"end":{"line":180,"column":35}}],"line":180},"34":{"loc":{"start":{"line":181,"column":4},"end":{"line":183,"column":5}},"type":"if","locations":[{"start":{"line":181,"column":4},"end":{"line":183,"column":5}},{"start":{},"end":{}}],"line":181},"35":{"loc":{"start":{"line":181,"column":8},"end":{"line":181,"column":43}},"type":"binary-expr","locations":[{"start":{"line":181,"column":8},"end":{"line":181,"column":14}},{"start":{"line":181,"column":18},"end":{"line":181,"column":43}}],"line":181},"36":{"loc":{"start":{"line":185,"column":12},"end":{"line":185,"column":26}},"type":"default-arg","locations":[{"start":{"line":185,"column":23},"end":{"line":185,"column":26}}],"line":185},"37":{"loc":{"start":{"line":204,"column":25},"end":{"line":204,"column":37}},"type":"default-arg","locations":[{"start":{"line":204,"column":35},"end":{"line":204,"column":37}}],"line":204},"38":{"loc":{"start":{"line":205,"column":4},"end":{"line":207,"column":5}},"type":"if","locations":[{"start":{"line":205,"column":4},"end":{"line":207,"column":5}},{"start":{},"end":{}}],"line":205},"39":{"loc":{"start":{"line":205,"column":8},"end":{"line":205,"column":43}},"type":"binary-expr","locations":[{"start":{"line":205,"column":8},"end":{"line":205,"column":14}},{"start":{"line":205,"column":18},"end":{"line":205,"column":43}}],"line":205},"40":{"loc":{"start":{"line":225,"column":26},"end":{"line":225,"column":38}},"type":"default-arg","locations":[{"start":{"line":225,"column":36},"end":{"line":225,"column":38}}],"line":225},"41":{"loc":{"start":{"line":226,"column":4},"end":{"line":228,"column":5}},"type":"if","locations":[{"start":{"line":226,"column":4},"end":{"line":228,"column":5}},{"start":{},"end":{}}],"line":226},"42":{"loc":{"start":{"line":226,"column":8},"end":{"line":226,"column":43}},"type":"binary-expr","locations":[{"start":{"line":226,"column":8},"end":{"line":226,"column":14}},{"start":{"line":226,"column":18},"end":{"line":226,"column":43}}],"line":226},"43":{"loc":{"start":{"line":230,"column":12},"end":{"line":230,"column":26}},"type":"default-arg","locations":[{"start":{"line":230,"column":23},"end":{"line":230,"column":26}}],"line":230},"44":{"loc":{"start":{"line":241,"column":0},"end":{"line":243,"column":1}},"type":"if","locations":[{"start":{"line":241,"column":0},"end":{"line":243,"column":1}},{"start":{},"end":{}}],"line":241},"45":{"loc":{"start":{"line":241,"column":4},"end":{"line":241,"column":51}},"type":"binary-expr","locations":[{"start":{"line":241,"column":4},"end":{"line":241,"column":33}},{"start":{"line":241,"column":37},"end":{"line":241,"column":51}}],"line":241}},"s":{"0":49,"1":1,"2":48,"3":12,"4":12,"5":12,"6":2,"7":12,"8":1,"9":12,"10":2,"11":12,"12":2,"13":12,"14":1,"15":12,"16":2,"17":12,"18":12,"19":12,"20":12,"21":12,"22":12,"23":12,"24":12,"25":6,"26":2,"27":4,"28":4,"29":4,"30":1,"31":4,"32":4,"33":5,"34":2,"35":3,"36":3,"37":3,"38":4,"39":2,"40":2,"41":2,"42":2,"43":3,"44":2,"45":1,"46":1,"47":4,"48":2,"49":2,"50":2,"51":2,"52":2,"53":2},"f":{"0":49,"1":12,"2":6,"3":5,"4":4,"5":3,"6":4},"b":{"0":[1,48],"1":[3],"2":[8],"3":[10],"4":[10],"5":[10],"6":[12],"7":[2,10],"8":[1,11],"9":[2,10],"10":[2,10],"11":[1,11],"12":[12,1],"13":[2,10],"14":[12,0],"15":[12,12],"16":[12,0],"17":[12,0],"18":[12,0],"19":[12,0],"20":[12,1],"21":[5],"22":[2,4],"23":[6,5],"24":[3],"25":[4],"26":[1,3],"27":[4,1],"28":[4],"29":[2,3],"30":[5,4],"31":[2],"32":[3,0],"33":[3],"34":[2,2],"35":[4,3],"36":[1],"37":[3],"38":[2,1],"39":[3,2],"40":[3],"41":[2,2],"42":[4,3],"43":[1],"44":[2,0],"45":[2,2]},"_coverageSchema":"1a1c01bbd47fc00a2c39e90264f33305004495a9","hash":"ae11b4d750237adc3fd6e44c3926f7452a1d2113"}
,"/Users/twu/Sites/fliplet/widgets/fliplet-widget-app-merge/src/middleware/api/DataSourcesApiService.js": {"path":"/Users/twu/Sites/fliplet/widgets/fliplet-widget-app-merge/src/middleware/api/DataSourcesApiService.js","statementMap":{"0":{"start":{"line":17,"column":4},"end":{"line":19,"column":5}},"1":{"start":{"line":18,"column":6},"end":{"line":18,"column":47}},"2":{"start":{"line":21,"column":4},"end":{"line":21,"column":31}},"3":{"start":{"line":51,"column":4},"end":{"line":53,"column":5}},"4":{"start":{"line":52,"column":6},"end":{"line":52,"column":50}},"5":{"start":{"line":63,"column":8},"end":{"line":63,"column":15}},"6":{"start":{"line":65,"column":19},"end":{"line":67,"column":5}},"7":{"start":{"line":70,"column":4},"end":{"line":72,"column":5}},"8":{"start":{"line":71,"column":6},"end":{"line":71,"column":41}},"9":{"start":{"line":75,"column":4},"end":{"line":77,"column":5}},"10":{"start":{"line":76,"column":6},"end":{"line":76,"column":33}},"11":{"start":{"line":80,"column":4},"end":{"line":82,"column":5}},"12":{"start":{"line":81,"column":6},"end":{"line":81,"column":33}},"13":{"start":{"line":84,"column":4},"end":{"line":86,"column":5}},"14":{"start":{"line":85,"column":6},"end":{"line":85,"column":63}},"15":{"start":{"line":89,"column":4},"end":{"line":91,"column":5}},"16":{"start":{"line":90,"column":6},"end":{"line":90,"column":39}},"17":{"start":{"line":94,"column":4},"end":{"line":97,"column":5}},"18":{"start":{"line":95,"column":6},"end":{"line":95,"column":33}},"19":{"start":{"line":96,"column":6},"end":{"line":96,"column":45}},"20":{"start":{"line":100,"column":4},"end":{"line":103,"column":5}},"21":{"start":{"line":101,"column":6},"end":{"line":101,"column":41}},"22":{"start":{"line":102,"column":6},"end":{"line":102,"column":44}},"23":{"start":{"line":105,"column":21},"end":{"line":105,"column":72}},"24":{"start":{"line":107,"column":4},"end":{"line":107,"column":44}},"25":{"start":{"line":128,"column":4},"end":{"line":130,"column":5}},"26":{"start":{"line":129,"column":6},"end":{"line":129,"column":58}},"27":{"start":{"line":137,"column":8},"end":{"line":137,"column":15}},"28":{"start":{"line":139,"column":19},"end":{"line":139,"column":21}},"29":{"start":{"line":141,"column":4},"end":{"line":143,"column":5}},"30":{"start":{"line":142,"column":6},"end":{"line":142,"column":27}},"31":{"start":{"line":145,"column":4},"end":{"line":147,"column":5}},"32":{"start":{"line":146,"column":6},"end":{"line":146,"column":41}},"33":{"start":{"line":149,"column":4},"end":{"line":151,"column":5}},"34":{"start":{"line":150,"column":6},"end":{"line":150,"column":39}},"35":{"start":{"line":153,"column":21},"end":{"line":153,"column":88}},"36":{"start":{"line":155,"column":4},"end":{"line":155,"column":43}},"37":{"start":{"line":160,"column":0},"end":{"line":162,"column":1}},"38":{"start":{"line":161,"column":2},"end":{"line":161,"column":41}}},"fnMap":{"0":{"name":"(anonymous_0)","decl":{"start":{"line":16,"column":2},"end":{"line":16,"column":3}},"loc":{"start":{"line":16,"column":25},"end":{"line":22,"column":3}},"line":16},"1":{"name":"(anonymous_1)","decl":{"start":{"line":50,"column":2},"end":{"line":50,"column":3}},"loc":{"start":{"line":50,"column":46},"end":{"line":108,"column":3}},"line":50},"2":{"name":"(anonymous_2)","decl":{"start":{"line":127,"column":2},"end":{"line":127,"column":3}},"loc":{"start":{"line":127,"column":52},"end":{"line":156,"column":3}},"line":127}},"branchMap":{"0":{"loc":{"start":{"line":17,"column":4},"end":{"line":19,"column":5}},"type":"if","locations":[{"start":{"line":17,"column":4},"end":{"line":19,"column":5}},{"start":{},"end":{}}],"line":17},"1":{"loc":{"start":{"line":50,"column":32},"end":{"line":50,"column":44}},"type":"default-arg","locations":[{"start":{"line":50,"column":42},"end":{"line":50,"column":44}}],"line":50},"2":{"loc":{"start":{"line":51,"column":4},"end":{"line":53,"column":5}},"type":"if","locations":[{"start":{"line":51,"column":4},"end":{"line":53,"column":5}},{"start":{},"end":{}}],"line":51},"3":{"loc":{"start":{"line":51,"column":8},"end":{"line":51,"column":43}},"type":"binary-expr","locations":[{"start":{"line":51,"column":8},"end":{"line":51,"column":14}},{"start":{"line":51,"column":18},"end":{"line":51,"column":43}}],"line":51},"4":{"loc":{"start":{"line":56,"column":6},"end":{"line":56,"column":18}},"type":"default-arg","locations":[{"start":{"line":56,"column":16},"end":{"line":56,"column":18}}],"line":56},"5":{"loc":{"start":{"line":57,"column":6},"end":{"line":57,"column":26}},"type":"default-arg","locations":[{"start":{"line":57,"column":21},"end":{"line":57,"column":26}}],"line":57},"6":{"loc":{"start":{"line":58,"column":6},"end":{"line":58,"column":18}},"type":"default-arg","locations":[{"start":{"line":58,"column":16},"end":{"line":58,"column":18}}],"line":58},"7":{"loc":{"start":{"line":59,"column":6},"end":{"line":59,"column":17}},"type":"default-arg","locations":[{"start":{"line":59,"column":15},"end":{"line":59,"column":17}}],"line":59},"8":{"loc":{"start":{"line":60,"column":6},"end":{"line":60,"column":44}},"type":"default-arg","locations":[{"start":{"line":60,"column":13},"end":{"line":60,"column":44}}],"line":60},"9":{"loc":{"start":{"line":61,"column":6},"end":{"line":61,"column":41}},"type":"default-arg","locations":[{"start":{"line":61,"column":19},"end":{"line":61,"column":41}}],"line":61},"10":{"loc":{"start":{"line":62,"column":6},"end":{"line":62,"column":23}},"type":"default-arg","locations":[{"start":{"line":62,"column":14},"end":{"line":62,"column":23}}],"line":62},"11":{"loc":{"start":{"line":70,"column":4},"end":{"line":72,"column":5}},"type":"if","locations":[{"start":{"line":70,"column":4},"end":{"line":72,"column":5}},{"start":{},"end":{}}],"line":70},"12":{"loc":{"start":{"line":75,"column":4},"end":{"line":77,"column":5}},"type":"if","locations":[{"start":{"line":75,"column":4},"end":{"line":77,"column":5}},{"start":{},"end":{}}],"line":75},"13":{"loc":{"start":{"line":80,"column":4},"end":{"line":82,"column":5}},"type":"if","locations":[{"start":{"line":80,"column":4},"end":{"line":82,"column":5}},{"start":{},"end":{}}],"line":80},"14":{"loc":{"start":{"line":84,"column":4},"end":{"line":86,"column":5}},"type":"if","locations":[{"start":{"line":84,"column":4},"end":{"line":86,"column":5}},{"start":{},"end":{}}],"line":84},"15":{"loc":{"start":{"line":89,"column":4},"end":{"line":91,"column":5}},"type":"if","locations":[{"start":{"line":89,"column":4},"end":{"line":91,"column":5}},{"start":{},"end":{}}],"line":89},"16":{"loc":{"start":{"line":94,"column":4},"end":{"line":97,"column":5}},"type":"if","locations":[{"start":{"line":94,"column":4},"end":{"line":97,"column":5}},{"start":{},"end":{}}],"line":94},"17":{"loc":{"start":{"line":94,"column":8},"end":{"line":94,"column":26}},"type":"binary-expr","locations":[{"start":{"line":94,"column":8},"end":{"line":94,"column":12}},{"start":{"line":94,"column":16},"end":{"line":94,"column":26}}],"line":94},"18":{"loc":{"start":{"line":96,"column":25},"end":{"line":96,"column":44}},"type":"binary-expr","locations":[{"start":{"line":96,"column":25},"end":{"line":96,"column":35}},{"start":{"line":96,"column":39},"end":{"line":96,"column":44}}],"line":96},"19":{"loc":{"start":{"line":100,"column":4},"end":{"line":103,"column":5}},"type":"if","locations":[{"start":{"line":100,"column":4},"end":{"line":103,"column":5}},{"start":{},"end":{}}],"line":100},"20":{"loc":{"start":{"line":101,"column":20},"end":{"line":101,"column":40}},"type":"binary-expr","locations":[{"start":{"line":101,"column":20},"end":{"line":101,"column":35}},{"start":{"line":101,"column":39},"end":{"line":101,"column":40}}],"line":101},"21":{"loc":{"start":{"line":102,"column":21},"end":{"line":102,"column":43}},"type":"binary-expr","locations":[{"start":{"line":102,"column":21},"end":{"line":102,"column":37}},{"start":{"line":102,"column":41},"end":{"line":102,"column":43}}],"line":102},"22":{"loc":{"start":{"line":107,"column":11},"end":{"line":107,"column":43}},"type":"binary-expr","locations":[{"start":{"line":107,"column":11},"end":{"line":107,"column":31}},{"start":{"line":107,"column":35},"end":{"line":107,"column":43}}],"line":107},"23":{"loc":{"start":{"line":127,"column":38},"end":{"line":127,"column":50}},"type":"default-arg","locations":[{"start":{"line":127,"column":48},"end":{"line":127,"column":50}}],"line":127},"24":{"loc":{"start":{"line":128,"column":4},"end":{"line":130,"column":5}},"type":"if","locations":[{"start":{"line":128,"column":4},"end":{"line":130,"column":5}},{"start":{},"end":{}}],"line":128},"25":{"loc":{"start":{"line":128,"column":8},"end":{"line":128,"column":57}},"type":"binary-expr","locations":[{"start":{"line":128,"column":8},"end":{"line":128,"column":21}},{"start":{"line":128,"column":25},"end":{"line":128,"column":57}}],"line":128},"26":{"loc":{"start":{"line":134,"column":6},"end":{"line":134,"column":18}},"type":"default-arg","locations":[{"start":{"line":134,"column":16},"end":{"line":134,"column":18}}],"line":134},"27":{"loc":{"start":{"line":135,"column":6},"end":{"line":135,"column":17}},"type":"default-arg","locations":[{"start":{"line":135,"column":15},"end":{"line":135,"column":17}}],"line":135},"28":{"loc":{"start":{"line":136,"column":6},"end":{"line":136,"column":23}},"type":"default-arg","locations":[{"start":{"line":136,"column":14},"end":{"line":136,"column":23}}],"line":136},"29":{"loc":{"start":{"line":141,"column":4},"end":{"line":143,"column":5}},"type":"if","locations":[{"start":{"line":141,"column":4},"end":{"line":143,"column":5}},{"start":{},"end":{}}],"line":141},"30":{"loc":{"start":{"line":145,"column":4},"end":{"line":147,"column":5}},"type":"if","locations":[{"start":{"line":145,"column":4},"end":{"line":147,"column":5}},{"start":{},"end":{}}],"line":145},"31":{"loc":{"start":{"line":149,"column":4},"end":{"line":151,"column":5}},"type":"if","locations":[{"start":{"line":149,"column":4},"end":{"line":151,"column":5}},{"start":{},"end":{}}],"line":149},"32":{"loc":{"start":{"line":155,"column":11},"end":{"line":155,"column":42}},"type":"binary-expr","locations":[{"start":{"line":155,"column":11},"end":{"line":155,"column":30}},{"start":{"line":155,"column":34},"end":{"line":155,"column":42}}],"line":155},"33":{"loc":{"start":{"line":160,"column":0},"end":{"line":162,"column":1}},"type":"if","locations":[{"start":{"line":160,"column":0},"end":{"line":162,"column":1}},{"start":{},"end":{}}],"line":160},"34":{"loc":{"start":{"line":160,"column":4},"end":{"line":160,"column":51}},"type":"binary-expr","locations":[{"start":{"line":160,"column":4},"end":{"line":160,"column":33}},{"start":{"line":160,"column":37},"end":{"line":160,"column":51}}],"line":160}},"s":{"0":34,"1":1,"2":33,"3":12,"4":2,"5":10,"6":10,"7":10,"8":1,"9":10,"10":1,"11":10,"12":1,"13":10,"14":1,"15":10,"16":1,"17":10,"18":10,"19":10,"20":10,"21":10,"22":10,"23":10,"24":10,"25":7,"26":2,"27":5,"28":5,"29":5,"30":1,"31":5,"32":1,"33":5,"34":1,"35":5,"36":5,"37":2,"38":2},"f":{"0":34,"1":12,"2":7},"b":{"0":[1,33],"1":[5],"2":[2,10],"3":[12,11],"4":[9],"5":[9],"6":[8],"7":[9],"8":[9],"9":[9],"10":[10],"11":[1,9],"12":[1,9],"13":[1,9],"14":[1,9],"15":[1,9],"16":[10,0],"17":[10,10],"18":[10,0],"19":[10,0],"20":[10,0],"21":[10,0],"22":[10,1],"23":[4],"24":[2,5],"25":[7,6],"26":[4],"27":[4],"28":[5],"29":[1,4],"30":[1,4],"31":[1,4],"32":[5,0],"33":[2,0],"34":[2,2]},"_coverageSchema":"1a1c01bbd47fc00a2c39e90264f33305004495a9","hash":"0aed5377a2dce10cc9dfcddccf77ef9afd3c74d3"}
,"/Users/twu/Sites/fliplet/widgets/fliplet-widget-app-merge/src/middleware/api/MediaApiService.js": {"path":"/Users/twu/Sites/fliplet/widgets/fliplet-widget-app-merge/src/middleware/api/MediaApiService.js","statementMap":{"0":{"start":{"line":17,"column":4},"end":{"line":19,"column":5}},"1":{"start":{"line":18,"column":6},"end":{"line":18,"column":47}},"2":{"start":{"line":21,"column":4},"end":{"line":21,"column":31}},"3":{"start":{"line":52,"column":4},"end":{"line":54,"column":5}},"4":{"start":{"line":53,"column":6},"end":{"line":53,"column":50}},"5":{"start":{"line":63,"column":8},"end":{"line":63,"column":15}},"6":{"start":{"line":65,"column":19},"end":{"line":67,"column":5}},"7":{"start":{"line":70,"column":4},"end":{"line":72,"column":5}},"8":{"start":{"line":71,"column":6},"end":{"line":71,"column":41}},"9":{"start":{"line":75,"column":4},"end":{"line":77,"column":5}},"10":{"start":{"line":76,"column":6},"end":{"line":76,"column":33}},"11":{"start":{"line":79,"column":4},"end":{"line":81,"column":5}},"12":{"start":{"line":80,"column":6},"end":{"line":80,"column":55}},"13":{"start":{"line":83,"column":4},"end":{"line":85,"column":5}},"14":{"start":{"line":84,"column":6},"end":{"line":84,"column":41}},"15":{"start":{"line":87,"column":4},"end":{"line":89,"column":5}},"16":{"start":{"line":88,"column":6},"end":{"line":88,"column":55}},"17":{"start":{"line":92,"column":4},"end":{"line":94,"column":5}},"18":{"start":{"line":93,"column":6},"end":{"line":93,"column":39}},"19":{"start":{"line":97,"column":4},"end":{"line":100,"column":5}},"20":{"start":{"line":98,"column":6},"end":{"line":98,"column":33}},"21":{"start":{"line":99,"column":6},"end":{"line":99,"column":45}},"22":{"start":{"line":103,"column":4},"end":{"line":106,"column":5}},"23":{"start":{"line":104,"column":6},"end":{"line":104,"column":41}},"24":{"start":{"line":105,"column":6},"end":{"line":105,"column":44}},"25":{"start":{"line":108,"column":21},"end":{"line":108,"column":65}},"26":{"start":{"line":110,"column":4},"end":{"line":110,"column":20}},"27":{"start":{"line":131,"column":4},"end":{"line":133,"column":5}},"28":{"start":{"line":132,"column":6},"end":{"line":132,"column":51}},"29":{"start":{"line":140,"column":8},"end":{"line":140,"column":15}},"30":{"start":{"line":142,"column":19},"end":{"line":142,"column":21}},"31":{"start":{"line":144,"column":4},"end":{"line":146,"column":5}},"32":{"start":{"line":145,"column":6},"end":{"line":145,"column":27}},"33":{"start":{"line":148,"column":4},"end":{"line":150,"column":5}},"34":{"start":{"line":149,"column":6},"end":{"line":149,"column":41}},"35":{"start":{"line":152,"column":4},"end":{"line":154,"column":5}},"36":{"start":{"line":153,"column":6},"end":{"line":153,"column":39}},"37":{"start":{"line":156,"column":21},"end":{"line":156,"column":81}},"38":{"start":{"line":158,"column":4},"end":{"line":158,"column":37}},"39":{"start":{"line":178,"column":4},"end":{"line":180,"column":5}},"40":{"start":{"line":179,"column":6},"end":{"line":179,"column":53}},"41":{"start":{"line":187,"column":8},"end":{"line":187,"column":15}},"42":{"start":{"line":189,"column":19},"end":{"line":189,"column":21}},"43":{"start":{"line":191,"column":4},"end":{"line":193,"column":5}},"44":{"start":{"line":192,"column":6},"end":{"line":192,"column":27}},"45":{"start":{"line":195,"column":4},"end":{"line":197,"column":5}},"46":{"start":{"line":196,"column":6},"end":{"line":196,"column":41}},"47":{"start":{"line":199,"column":4},"end":{"line":201,"column":5}},"48":{"start":{"line":200,"column":6},"end":{"line":200,"column":39}},"49":{"start":{"line":203,"column":21},"end":{"line":203,"column":85}},"50":{"start":{"line":205,"column":4},"end":{"line":205,"column":39}},"51":{"start":{"line":210,"column":0},"end":{"line":212,"column":1}},"52":{"start":{"line":211,"column":2},"end":{"line":211,"column":35}}},"fnMap":{"0":{"name":"(anonymous_0)","decl":{"start":{"line":16,"column":2},"end":{"line":16,"column":3}},"loc":{"start":{"line":16,"column":25},"end":{"line":22,"column":3}},"line":16},"1":{"name":"(anonymous_1)","decl":{"start":{"line":51,"column":2},"end":{"line":51,"column":3}},"loc":{"start":{"line":51,"column":40},"end":{"line":111,"column":3}},"line":51},"2":{"name":"(anonymous_2)","decl":{"start":{"line":130,"column":2},"end":{"line":130,"column":3}},"loc":{"start":{"line":130,"column":40},"end":{"line":159,"column":3}},"line":130},"3":{"name":"(anonymous_3)","decl":{"start":{"line":177,"column":2},"end":{"line":177,"column":3}},"loc":{"start":{"line":177,"column":44},"end":{"line":206,"column":3}},"line":177}},"branchMap":{"0":{"loc":{"start":{"line":17,"column":4},"end":{"line":19,"column":5}},"type":"if","locations":[{"start":{"line":17,"column":4},"end":{"line":19,"column":5}},{"start":{},"end":{}}],"line":17},"1":{"loc":{"start":{"line":51,"column":26},"end":{"line":51,"column":38}},"type":"default-arg","locations":[{"start":{"line":51,"column":36},"end":{"line":51,"column":38}}],"line":51},"2":{"loc":{"start":{"line":52,"column":4},"end":{"line":54,"column":5}},"type":"if","locations":[{"start":{"line":52,"column":4},"end":{"line":54,"column":5}},{"start":{},"end":{}}],"line":52},"3":{"loc":{"start":{"line":52,"column":8},"end":{"line":52,"column":43}},"type":"binary-expr","locations":[{"start":{"line":52,"column":8},"end":{"line":52,"column":14}},{"start":{"line":52,"column":18},"end":{"line":52,"column":43}}],"line":52},"4":{"loc":{"start":{"line":57,"column":6},"end":{"line":57,"column":18}},"type":"default-arg","locations":[{"start":{"line":57,"column":16},"end":{"line":57,"column":18}}],"line":57},"5":{"loc":{"start":{"line":58,"column":6},"end":{"line":58,"column":18}},"type":"default-arg","locations":[{"start":{"line":58,"column":16},"end":{"line":58,"column":18}}],"line":58},"6":{"loc":{"start":{"line":59,"column":6},"end":{"line":59,"column":17}},"type":"default-arg","locations":[{"start":{"line":59,"column":15},"end":{"line":59,"column":17}}],"line":59},"7":{"loc":{"start":{"line":60,"column":6},"end":{"line":60,"column":44}},"type":"default-arg","locations":[{"start":{"line":60,"column":13},"end":{"line":60,"column":44}}],"line":60},"8":{"loc":{"start":{"line":61,"column":6},"end":{"line":61,"column":41}},"type":"default-arg","locations":[{"start":{"line":61,"column":19},"end":{"line":61,"column":41}}],"line":61},"9":{"loc":{"start":{"line":62,"column":6},"end":{"line":62,"column":23}},"type":"default-arg","locations":[{"start":{"line":62,"column":14},"end":{"line":62,"column":23}}],"line":62},"10":{"loc":{"start":{"line":70,"column":4},"end":{"line":72,"column":5}},"type":"if","locations":[{"start":{"line":70,"column":4},"end":{"line":72,"column":5}},{"start":{},"end":{}}],"line":70},"11":{"loc":{"start":{"line":75,"column":4},"end":{"line":77,"column":5}},"type":"if","locations":[{"start":{"line":75,"column":4},"end":{"line":77,"column":5}},{"start":{},"end":{}}],"line":75},"12":{"loc":{"start":{"line":79,"column":4},"end":{"line":81,"column":5}},"type":"if","locations":[{"start":{"line":79,"column":4},"end":{"line":81,"column":5}},{"start":{},"end":{}}],"line":79},"13":{"loc":{"start":{"line":83,"column":4},"end":{"line":85,"column":5}},"type":"if","locations":[{"start":{"line":83,"column":4},"end":{"line":85,"column":5}},{"start":{},"end":{}}],"line":83},"14":{"loc":{"start":{"line":87,"column":4},"end":{"line":89,"column":5}},"type":"if","locations":[{"start":{"line":87,"column":4},"end":{"line":89,"column":5}},{"start":{},"end":{}}],"line":87},"15":{"loc":{"start":{"line":92,"column":4},"end":{"line":94,"column":5}},"type":"if","locations":[{"start":{"line":92,"column":4},"end":{"line":94,"column":5}},{"start":{},"end":{}}],"line":92},"16":{"loc":{"start":{"line":97,"column":4},"end":{"line":100,"column":5}},"type":"if","locations":[{"start":{"line":97,"column":4},"end":{"line":100,"column":5}},{"start":{},"end":{}}],"line":97},"17":{"loc":{"start":{"line":97,"column":8},"end":{"line":97,"column":26}},"type":"binary-expr","locations":[{"start":{"line":97,"column":8},"end":{"line":97,"column":12}},{"start":{"line":97,"column":16},"end":{"line":97,"column":26}}],"line":97},"18":{"loc":{"start":{"line":99,"column":25},"end":{"line":99,"column":44}},"type":"binary-expr","locations":[{"start":{"line":99,"column":25},"end":{"line":99,"column":35}},{"start":{"line":99,"column":39},"end":{"line":99,"column":44}}],"line":99},"19":{"loc":{"start":{"line":103,"column":4},"end":{"line":106,"column":5}},"type":"if","locations":[{"start":{"line":103,"column":4},"end":{"line":106,"column":5}},{"start":{},"end":{}}],"line":103},"20":{"loc":{"start":{"line":104,"column":20},"end":{"line":104,"column":40}},"type":"binary-expr","locations":[{"start":{"line":104,"column":20},"end":{"line":104,"column":35}},{"start":{"line":104,"column":39},"end":{"line":104,"column":40}}],"line":104},"21":{"loc":{"start":{"line":105,"column":21},"end":{"line":105,"column":43}},"type":"binary-expr","locations":[{"start":{"line":105,"column":21},"end":{"line":105,"column":37}},{"start":{"line":105,"column":41},"end":{"line":105,"column":43}}],"line":105},"22":{"loc":{"start":{"line":130,"column":26},"end":{"line":130,"column":38}},"type":"default-arg","locations":[{"start":{"line":130,"column":36},"end":{"line":130,"column":38}}],"line":130},"23":{"loc":{"start":{"line":131,"column":4},"end":{"line":133,"column":5}},"type":"if","locations":[{"start":{"line":131,"column":4},"end":{"line":133,"column":5}},{"start":{},"end":{}}],"line":131},"24":{"loc":{"start":{"line":131,"column":8},"end":{"line":131,"column":45}},"type":"binary-expr","locations":[{"start":{"line":131,"column":8},"end":{"line":131,"column":15}},{"start":{"line":131,"column":19},"end":{"line":131,"column":45}}],"line":131},"25":{"loc":{"start":{"line":137,"column":6},"end":{"line":137,"column":18}},"type":"default-arg","locations":[{"start":{"line":137,"column":16},"end":{"line":137,"column":18}}],"line":137},"26":{"loc":{"start":{"line":138,"column":6},"end":{"line":138,"column":17}},"type":"default-arg","locations":[{"start":{"line":138,"column":15},"end":{"line":138,"column":17}}],"line":138},"27":{"loc":{"start":{"line":139,"column":6},"end":{"line":139,"column":23}},"type":"default-arg","locations":[{"start":{"line":139,"column":14},"end":{"line":139,"column":23}}],"line":139},"28":{"loc":{"start":{"line":144,"column":4},"end":{"line":146,"column":5}},"type":"if","locations":[{"start":{"line":144,"column":4},"end":{"line":146,"column":5}},{"start":{},"end":{}}],"line":144},"29":{"loc":{"start":{"line":148,"column":4},"end":{"line":150,"column":5}},"type":"if","locations":[{"start":{"line":148,"column":4},"end":{"line":150,"column":5}},{"start":{},"end":{}}],"line":148},"30":{"loc":{"start":{"line":152,"column":4},"end":{"line":154,"column":5}},"type":"if","locations":[{"start":{"line":152,"column":4},"end":{"line":154,"column":5}},{"start":{},"end":{}}],"line":152},"31":{"loc":{"start":{"line":158,"column":11},"end":{"line":158,"column":36}},"type":"binary-expr","locations":[{"start":{"line":158,"column":11},"end":{"line":158,"column":24}},{"start":{"line":158,"column":28},"end":{"line":158,"column":36}}],"line":158},"32":{"loc":{"start":{"line":177,"column":30},"end":{"line":177,"column":42}},"type":"default-arg","locations":[{"start":{"line":177,"column":40},"end":{"line":177,"column":42}}],"line":177},"33":{"loc":{"start":{"line":178,"column":4},"end":{"line":180,"column":5}},"type":"if","locations":[{"start":{"line":178,"column":4},"end":{"line":180,"column":5}},{"start":{},"end":{}}],"line":178},"34":{"loc":{"start":{"line":178,"column":8},"end":{"line":178,"column":49}},"type":"binary-expr","locations":[{"start":{"line":178,"column":8},"end":{"line":178,"column":17}},{"start":{"line":178,"column":21},"end":{"line":178,"column":49}}],"line":178},"35":{"loc":{"start":{"line":184,"column":6},"end":{"line":184,"column":18}},"type":"default-arg","locations":[{"start":{"line":184,"column":16},"end":{"line":184,"column":18}}],"line":184},"36":{"loc":{"start":{"line":185,"column":6},"end":{"line":185,"column":17}},"type":"default-arg","locations":[{"start":{"line":185,"column":15},"end":{"line":185,"column":17}}],"line":185},"37":{"loc":{"start":{"line":186,"column":6},"end":{"line":186,"column":23}},"type":"default-arg","locations":[{"start":{"line":186,"column":14},"end":{"line":186,"column":23}}],"line":186},"38":{"loc":{"start":{"line":191,"column":4},"end":{"line":193,"column":5}},"type":"if","locations":[{"start":{"line":191,"column":4},"end":{"line":193,"column":5}},{"start":{},"end":{}}],"line":191},"39":{"loc":{"start":{"line":195,"column":4},"end":{"line":197,"column":5}},"type":"if","locations":[{"start":{"line":195,"column":4},"end":{"line":197,"column":5}},{"start":{},"end":{}}],"line":195},"40":{"loc":{"start":{"line":199,"column":4},"end":{"line":201,"column":5}},"type":"if","locations":[{"start":{"line":199,"column":4},"end":{"line":201,"column":5}},{"start":{},"end":{}}],"line":199},"41":{"loc":{"start":{"line":205,"column":11},"end":{"line":205,"column":38}},"type":"binary-expr","locations":[{"start":{"line":205,"column":11},"end":{"line":205,"column":26}},{"start":{"line":205,"column":30},"end":{"line":205,"column":38}}],"line":205},"42":{"loc":{"start":{"line":210,"column":0},"end":{"line":212,"column":1}},"type":"if","locations":[{"start":{"line":210,"column":0},"end":{"line":212,"column":1}},{"start":{},"end":{}}],"line":210},"43":{"loc":{"start":{"line":210,"column":4},"end":{"line":210,"column":51}},"type":"binary-expr","locations":[{"start":{"line":210,"column":4},"end":{"line":210,"column":33}},{"start":{"line":210,"column":37},"end":{"line":210,"column":51}}],"line":210}},"s":{"0":40,"1":1,"2":39,"3":11,"4":2,"5":9,"6":9,"7":9,"8":1,"9":9,"10":1,"11":9,"12":1,"13":9,"14":1,"15":9,"16":1,"17":9,"18":1,"19":9,"20":9,"21":9,"22":9,"23":9,"24":9,"25":9,"26":9,"27":7,"28":2,"29":5,"30":5,"31":5,"32":1,"33":5,"34":1,"35":5,"36":1,"37":5,"38":5,"39":7,"40":2,"41":5,"42":5,"43":5,"44":1,"45":5,"46":1,"47":5,"48":1,"49":5,"50":5,"51":2,"52":2},"f":{"0":40,"1":11,"2":7,"3":7},"b":{"0":[1,39],"1":[3],"2":[2,9],"3":[11,10],"4":[8],"5":[5],"6":[8],"7":[8],"8":[8],"9":[9],"10":[1,8],"11":[1,8],"12":[1,8],"13":[1,8],"14":[1,8],"15":[1,8],"16":[9,0],"17":[9,9],"18":[9,0],"19":[9,0],"20":[9,0],"21":[9,0],"22":[4],"23":[2,5],"24":[7,6],"25":[4],"26":[4],"27":[5],"28":[1,4],"29":[1,4],"30":[1,4],"31":[5,0],"32":[4],"33":[2,5],"34":[7,6],"35":[4],"36":[4],"37":[5],"38":[1,4],"39":[1,4],"40":[1,4],"41":[5,0],"42":[2,0],"43":[2,2]},"_coverageSchema":"1a1c01bbd47fc00a2c39e90264f33305004495a9","hash":"5b8c2041e11a37fd01d94d19719927d872bcfeb7"}
,"/Users/twu/Sites/fliplet/widgets/fliplet-widget-app-merge/src/middleware/api/MergeApiService.js": {"path":"/Users/twu/Sites/fliplet/widgets/fliplet-widget-app-merge/src/middleware/api/MergeApiService.js","statementMap":{"0":{"start":{"line":17,"column":4},"end":{"line":19,"column":5}},"1":{"start":{"line":18,"column":6},"end":{"line":18,"column":47}},"2":{"start":{"line":21,"column":4},"end":{"line":21,"column":31}},"3":{"start":{"line":42,"column":4},"end":{"line":44,"column":5}},"4":{"start":{"line":43,"column":6},"end":{"line":43,"column":57}},"5":{"start":{"line":49,"column":8},"end":{"line":49,"column":15}},"6":{"start":{"line":51,"column":21},"end":{"line":54,"column":6}},"7":{"start":{"line":56,"column":4},"end":{"line":56,"column":20}},"8":{"start":{"line":73,"column":4},"end":{"line":75,"column":5}},"9":{"start":{"line":74,"column":6},"end":{"line":74,"column":57}},"10":{"start":{"line":77,"column":31},"end":{"line":77,"column":38}},"11":{"start":{"line":79,"column":21},"end":{"line":81,"column":6}},"12":{"start":{"line":83,"column":4},"end":{"line":83,"column":20}},"13":{"start":{"line":102,"column":4},"end":{"line":104,"column":5}},"14":{"start":{"line":103,"column":6},"end":{"line":103,"column":57}},"15":{"start":{"line":109,"column":8},"end":{"line":109,"column":15}},"16":{"start":{"line":111,"column":21},"end":{"line":114,"column":6}},"17":{"start":{"line":116,"column":4},"end":{"line":116,"column":20}},"18":{"start":{"line":148,"column":4},"end":{"line":150,"column":5}},"19":{"start":{"line":149,"column":6},"end":{"line":149,"column":57}},"20":{"start":{"line":152,"column":4},"end":{"line":154,"column":5}},"21":{"start":{"line":153,"column":6},"end":{"line":153,"column":85}},"22":{"start":{"line":156,"column":21},"end":{"line":156,"column":99}},"23":{"start":{"line":158,"column":4},"end":{"line":158,"column":20}},"24":{"start":{"line":172,"column":4},"end":{"line":174,"column":5}},"25":{"start":{"line":173,"column":6},"end":{"line":173,"column":57}},"26":{"start":{"line":176,"column":4},"end":{"line":178,"column":5}},"27":{"start":{"line":177,"column":6},"end":{"line":177,"column":85}},"28":{"start":{"line":180,"column":21},"end":{"line":180,"column":91}},"29":{"start":{"line":182,"column":4},"end":{"line":182,"column":20}},"30":{"start":{"line":197,"column":4},"end":{"line":199,"column":5}},"31":{"start":{"line":198,"column":6},"end":{"line":198,"column":57}},"32":{"start":{"line":201,"column":24},"end":{"line":201,"column":31}},"33":{"start":{"line":203,"column":17},"end":{"line":203,"column":43}},"34":{"start":{"line":205,"column":21},"end":{"line":205,"column":91}},"35":{"start":{"line":207,"column":4},"end":{"line":207,"column":20}},"36":{"start":{"line":229,"column":4},"end":{"line":231,"column":5}},"37":{"start":{"line":230,"column":6},"end":{"line":230,"column":50}},"38":{"start":{"line":237,"column":8},"end":{"line":237,"column":15}},"39":{"start":{"line":239,"column":17},"end":{"line":239,"column":19}},"40":{"start":{"line":241,"column":4},"end":{"line":243,"column":5}},"41":{"start":{"line":242,"column":6},"end":{"line":242,"column":29}},"42":{"start":{"line":245,"column":4},"end":{"line":247,"column":5}},"43":{"start":{"line":246,"column":6},"end":{"line":246,"column":25}},"44":{"start":{"line":249,"column":4},"end":{"line":252,"column":5}},"45":{"start":{"line":250,"column":6},"end":{"line":250,"column":39}},"46":{"start":{"line":251,"column":6},"end":{"line":251,"column":42}},"47":{"start":{"line":254,"column":21},"end":{"line":254,"column":77}},"48":{"start":{"line":256,"column":4},"end":{"line":256,"column":37}},"49":{"start":{"line":261,"column":0},"end":{"line":263,"column":1}},"50":{"start":{"line":262,"column":2},"end":{"line":262,"column":35}}},"fnMap":{"0":{"name":"(anonymous_0)","decl":{"start":{"line":16,"column":2},"end":{"line":16,"column":3}},"loc":{"start":{"line":16,"column":25},"end":{"line":22,"column":3}},"line":16},"1":{"name":"(anonymous_1)","decl":{"start":{"line":41,"column":2},"end":{"line":41,"column":3}},"loc":{"start":{"line":41,"column":44},"end":{"line":57,"column":3}},"line":41},"2":{"name":"(anonymous_2)","decl":{"start":{"line":72,"column":2},"end":{"line":72,"column":3}},"loc":{"start":{"line":72,"column":46},"end":{"line":84,"column":3}},"line":72},"3":{"name":"(anonymous_3)","decl":{"start":{"line":101,"column":2},"end":{"line":101,"column":3}},"loc":{"start":{"line":101,"column":46},"end":{"line":117,"column":3}},"line":101},"4":{"name":"(anonymous_4)","decl":{"start":{"line":147,"column":2},"end":{"line":147,"column":3}},"loc":{"start":{"line":147,"column":47},"end":{"line":159,"column":3}},"line":147},"5":{"name":"(anonymous_5)","decl":{"start":{"line":171,"column":2},"end":{"line":171,"column":3}},"loc":{"start":{"line":171,"column":48},"end":{"line":183,"column":3}},"line":171},"6":{"name":"(anonymous_6)","decl":{"start":{"line":196,"column":2},"end":{"line":196,"column":3}},"loc":{"start":{"line":196,"column":50},"end":{"line":208,"column":3}},"line":196},"7":{"name":"(anonymous_7)","decl":{"start":{"line":228,"column":2},"end":{"line":228,"column":3}},"loc":{"start":{"line":228,"column":44},"end":{"line":257,"column":3}},"line":228}},"branchMap":{"0":{"loc":{"start":{"line":17,"column":4},"end":{"line":19,"column":5}},"type":"if","locations":[{"start":{"line":17,"column":4},"end":{"line":19,"column":5}},{"start":{},"end":{}}],"line":17},"1":{"loc":{"start":{"line":41,"column":30},"end":{"line":41,"column":42}},"type":"default-arg","locations":[{"start":{"line":41,"column":40},"end":{"line":41,"column":42}}],"line":41},"2":{"loc":{"start":{"line":42,"column":4},"end":{"line":44,"column":5}},"type":"if","locations":[{"start":{"line":42,"column":4},"end":{"line":44,"column":5}},{"start":{},"end":{}}],"line":42},"3":{"loc":{"start":{"line":42,"column":8},"end":{"line":42,"column":55}},"type":"binary-expr","locations":[{"start":{"line":42,"column":8},"end":{"line":42,"column":20}},{"start":{"line":42,"column":24},"end":{"line":42,"column":55}}],"line":42},"4":{"loc":{"start":{"line":47,"column":6},"end":{"line":47,"column":20}},"type":"default-arg","locations":[{"start":{"line":47,"column":18},"end":{"line":47,"column":20}}],"line":47},"5":{"loc":{"start":{"line":48,"column":6},"end":{"line":48,"column":24}},"type":"default-arg","locations":[{"start":{"line":48,"column":21},"end":{"line":48,"column":24}}],"line":48},"6":{"loc":{"start":{"line":72,"column":32},"end":{"line":72,"column":44}},"type":"default-arg","locations":[{"start":{"line":72,"column":42},"end":{"line":72,"column":44}}],"line":72},"7":{"loc":{"start":{"line":73,"column":4},"end":{"line":75,"column":5}},"type":"if","locations":[{"start":{"line":73,"column":4},"end":{"line":75,"column":5}},{"start":{},"end":{}}],"line":73},"8":{"loc":{"start":{"line":73,"column":8},"end":{"line":73,"column":55}},"type":"binary-expr","locations":[{"start":{"line":73,"column":8},"end":{"line":73,"column":20}},{"start":{"line":73,"column":24},"end":{"line":73,"column":55}}],"line":73},"9":{"loc":{"start":{"line":77,"column":12},"end":{"line":77,"column":26}},"type":"default-arg","locations":[{"start":{"line":77,"column":24},"end":{"line":77,"column":26}}],"line":77},"10":{"loc":{"start":{"line":101,"column":32},"end":{"line":101,"column":44}},"type":"default-arg","locations":[{"start":{"line":101,"column":42},"end":{"line":101,"column":44}}],"line":101},"11":{"loc":{"start":{"line":102,"column":4},"end":{"line":104,"column":5}},"type":"if","locations":[{"start":{"line":102,"column":4},"end":{"line":104,"column":5}},{"start":{},"end":{}}],"line":102},"12":{"loc":{"start":{"line":102,"column":8},"end":{"line":102,"column":55}},"type":"binary-expr","locations":[{"start":{"line":102,"column":8},"end":{"line":102,"column":20}},{"start":{"line":102,"column":24},"end":{"line":102,"column":55}}],"line":102},"13":{"loc":{"start":{"line":107,"column":6},"end":{"line":107,"column":20}},"type":"default-arg","locations":[{"start":{"line":107,"column":18},"end":{"line":107,"column":20}}],"line":107},"14":{"loc":{"start":{"line":108,"column":6},"end":{"line":108,"column":26}},"type":"default-arg","locations":[{"start":{"line":108,"column":23},"end":{"line":108,"column":26}}],"line":108},"15":{"loc":{"start":{"line":148,"column":4},"end":{"line":150,"column":5}},"type":"if","locations":[{"start":{"line":148,"column":4},"end":{"line":150,"column":5}},{"start":{},"end":{}}],"line":148},"16":{"loc":{"start":{"line":148,"column":8},"end":{"line":148,"column":55}},"type":"binary-expr","locations":[{"start":{"line":148,"column":8},"end":{"line":148,"column":20}},{"start":{"line":148,"column":24},"end":{"line":148,"column":55}}],"line":148},"17":{"loc":{"start":{"line":152,"column":4},"end":{"line":154,"column":5}},"type":"if","locations":[{"start":{"line":152,"column":4},"end":{"line":154,"column":5}},{"start":{},"end":{}}],"line":152},"18":{"loc":{"start":{"line":152,"column":8},"end":{"line":152,"column":53}},"type":"binary-expr","locations":[{"start":{"line":152,"column":8},"end":{"line":152,"column":20}},{"start":{"line":152,"column":24},"end":{"line":152,"column":53}}],"line":152},"19":{"loc":{"start":{"line":172,"column":4},"end":{"line":174,"column":5}},"type":"if","locations":[{"start":{"line":172,"column":4},"end":{"line":174,"column":5}},{"start":{},"end":{}}],"line":172},"20":{"loc":{"start":{"line":172,"column":8},"end":{"line":172,"column":55}},"type":"binary-expr","locations":[{"start":{"line":172,"column":8},"end":{"line":172,"column":20}},{"start":{"line":172,"column":24},"end":{"line":172,"column":55}}],"line":172},"21":{"loc":{"start":{"line":176,"column":4},"end":{"line":178,"column":5}},"type":"if","locations":[{"start":{"line":176,"column":4},"end":{"line":178,"column":5}},{"start":{},"end":{}}],"line":176},"22":{"loc":{"start":{"line":176,"column":8},"end":{"line":176,"column":53}},"type":"binary-expr","locations":[{"start":{"line":176,"column":8},"end":{"line":176,"column":20}},{"start":{"line":176,"column":24},"end":{"line":176,"column":53}}],"line":176},"23":{"loc":{"start":{"line":196,"column":36},"end":{"line":196,"column":48}},"type":"default-arg","locations":[{"start":{"line":196,"column":46},"end":{"line":196,"column":48}}],"line":196},"24":{"loc":{"start":{"line":197,"column":4},"end":{"line":199,"column":5}},"type":"if","locations":[{"start":{"line":197,"column":4},"end":{"line":199,"column":5}},{"start":{},"end":{}}],"line":197},"25":{"loc":{"start":{"line":197,"column":8},"end":{"line":197,"column":55}},"type":"binary-expr","locations":[{"start":{"line":197,"column":8},"end":{"line":197,"column":20}},{"start":{"line":197,"column":24},"end":{"line":197,"column":55}}],"line":197},"26":{"loc":{"start":{"line":203,"column":17},"end":{"line":203,"column":43}},"type":"cond-expr","locations":[{"start":{"line":203,"column":27},"end":{"line":203,"column":38}},{"start":{"line":203,"column":41},"end":{"line":203,"column":43}}],"line":203},"27":{"loc":{"start":{"line":228,"column":30},"end":{"line":228,"column":42}},"type":"default-arg","locations":[{"start":{"line":228,"column":40},"end":{"line":228,"column":42}}],"line":228},"28":{"loc":{"start":{"line":229,"column":4},"end":{"line":231,"column":5}},"type":"if","locations":[{"start":{"line":229,"column":4},"end":{"line":231,"column":5}},{"start":{},"end":{}}],"line":229},"29":{"loc":{"start":{"line":229,"column":8},"end":{"line":229,"column":43}},"type":"binary-expr","locations":[{"start":{"line":229,"column":8},"end":{"line":229,"column":14}},{"start":{"line":229,"column":18},"end":{"line":229,"column":43}}],"line":229},"30":{"loc":{"start":{"line":235,"column":6},"end":{"line":235,"column":16}},"type":"default-arg","locations":[{"start":{"line":235,"column":14},"end":{"line":235,"column":16}}],"line":235},"31":{"loc":{"start":{"line":236,"column":6},"end":{"line":236,"column":41}},"type":"default-arg","locations":[{"start":{"line":236,"column":19},"end":{"line":236,"column":41}}],"line":236},"32":{"loc":{"start":{"line":241,"column":4},"end":{"line":243,"column":5}},"type":"if","locations":[{"start":{"line":241,"column":4},"end":{"line":243,"column":5}},{"start":{},"end":{}}],"line":241},"33":{"loc":{"start":{"line":245,"column":4},"end":{"line":247,"column":5}},"type":"if","locations":[{"start":{"line":245,"column":4},"end":{"line":247,"column":5}},{"start":{},"end":{}}],"line":245},"34":{"loc":{"start":{"line":249,"column":4},"end":{"line":252,"column":5}},"type":"if","locations":[{"start":{"line":249,"column":4},"end":{"line":252,"column":5}},{"start":{},"end":{}}],"line":249},"35":{"loc":{"start":{"line":250,"column":18},"end":{"line":250,"column":38}},"type":"binary-expr","locations":[{"start":{"line":250,"column":18},"end":{"line":250,"column":33}},{"start":{"line":250,"column":37},"end":{"line":250,"column":38}}],"line":250},"36":{"loc":{"start":{"line":251,"column":19},"end":{"line":251,"column":41}},"type":"binary-expr","locations":[{"start":{"line":251,"column":19},"end":{"line":251,"column":35}},{"start":{"line":251,"column":39},"end":{"line":251,"column":41}}],"line":251},"37":{"loc":{"start":{"line":256,"column":11},"end":{"line":256,"column":36}},"type":"binary-expr","locations":[{"start":{"line":256,"column":11},"end":{"line":256,"column":24}},{"start":{"line":256,"column":28},"end":{"line":256,"column":36}}],"line":256},"38":{"loc":{"start":{"line":261,"column":0},"end":{"line":263,"column":1}},"type":"if","locations":[{"start":{"line":261,"column":0},"end":{"line":263,"column":1}},{"start":{},"end":{}}],"line":261},"39":{"loc":{"start":{"line":261,"column":4},"end":{"line":261,"column":51}},"type":"binary-expr","locations":[{"start":{"line":261,"column":4},"end":{"line":261,"column":33}},{"start":{"line":261,"column":37},"end":{"line":261,"column":51}}],"line":261}},"s":{"0":50,"1":1,"2":49,"3":5,"4":2,"5":3,"6":3,"7":3,"8":4,"9":2,"10":2,"11":2,"12":2,"13":4,"14":2,"15":2,"16":2,"17":2,"18":5,"19":2,"20":3,"21":2,"22":1,"23":1,"24":5,"25":2,"26":3,"27":2,"28":1,"29":1,"30":4,"31":2,"32":2,"33":2,"34":2,"35":2,"36":8,"37":2,"38":6,"39":6,"40":6,"41":1,"42":6,"43":1,"44":6,"45":6,"46":6,"47":6,"48":6,"49":2,"50":2},"f":{"0":50,"1":5,"2":4,"3":4,"4":5,"5":5,"6":4,"7":8},"b":{"0":[1,49],"1":[3],"2":[2,3],"3":[5,4],"4":[2],"5":[2],"6":[3],"7":[2,2],"8":[4,3],"9":[1],"10":[3],"11":[2,2],"12":[4,3],"13":[1],"14":[1],"15":[2,3],"16":[5,4],"17":[2,1],"18":[3,2],"19":[2,3],"20":[5,4],"21":[2,1],"22":[3,2],"23":[3],"24":[2,2],"25":[4,3],"26":[1,1],"27":[5],"28":[2,6],"29":[8,7],"30":[5],"31":[5],"32":[1,5],"33":[1,5],"34":[6,0],"35":[6,0],"36":[6,0],"37":[6,1],"38":[2,0],"39":[2,2]},"_coverageSchema":"1a1c01bbd47fc00a2c39e90264f33305004495a9","hash":"acba69fbccc4060b30f2c6a94d636387e5d60f22"}
,"/Users/twu/Sites/fliplet/widgets/fliplet-widget-app-merge/src/middleware/api/OrganizationsApiService.js": {"path":"/Users/twu/Sites/fliplet/widgets/fliplet-widget-app-merge/src/middleware/api/OrganizationsApiService.js","statementMap":{"0":{"start":{"line":17,"column":4},"end":{"line":19,"column":5}},"1":{"start":{"line":18,"column":6},"end":{"line":18,"column":47}},"2":{"start":{"line":21,"column":4},"end":{"line":21,"column":31}},"3":{"start":{"line":47,"column":8},"end":{"line":47,"column":15}},"4":{"start":{"line":49,"column":19},"end":{"line":49,"column":21}},"5":{"start":{"line":51,"column":4},"end":{"line":53,"column":5}},"6":{"start":{"line":52,"column":6},"end":{"line":52,"column":29}},"7":{"start":{"line":55,"column":4},"end":{"line":57,"column":5}},"8":{"start":{"line":56,"column":6},"end":{"line":56,"column":39}},"9":{"start":{"line":59,"column":4},"end":{"line":62,"column":5}},"10":{"start":{"line":60,"column":6},"end":{"line":60,"column":33}},"11":{"start":{"line":61,"column":6},"end":{"line":61,"column":45}},"12":{"start":{"line":64,"column":21},"end":{"line":64,"column":73}},"13":{"start":{"line":66,"column":4},"end":{"line":66,"column":46}},"14":{"start":{"line":82,"column":4},"end":{"line":84,"column":5}},"15":{"start":{"line":83,"column":6},"end":{"line":83,"column":59}},"16":{"start":{"line":86,"column":47},"end":{"line":86,"column":54}},"17":{"start":{"line":88,"column":19},"end":{"line":88,"column":21}},"18":{"start":{"line":90,"column":4},"end":{"line":92,"column":5}},"19":{"start":{"line":91,"column":6},"end":{"line":91,"column":39}},"20":{"start":{"line":94,"column":21},"end":{"line":94,"column":91}},"21":{"start":{"line":96,"column":4},"end":{"line":96,"column":45}},"22":{"start":{"line":117,"column":4},"end":{"line":119,"column":5}},"23":{"start":{"line":118,"column":6},"end":{"line":118,"column":59}},"24":{"start":{"line":121,"column":4},"end":{"line":123,"column":5}},"25":{"start":{"line":122,"column":6},"end":{"line":122,"column":51}},"26":{"start":{"line":129,"column":8},"end":{"line":129,"column":15}},"27":{"start":{"line":131,"column":19},"end":{"line":131,"column":21}},"28":{"start":{"line":133,"column":4},"end":{"line":135,"column":5}},"29":{"start":{"line":134,"column":6},"end":{"line":134,"column":43}},"30":{"start":{"line":137,"column":4},"end":{"line":139,"column":5}},"31":{"start":{"line":138,"column":6},"end":{"line":138,"column":39}},"32":{"start":{"line":141,"column":21},"end":{"line":144,"column":5}},"33":{"start":{"line":146,"column":4},"end":{"line":146,"column":37}},"34":{"start":{"line":151,"column":0},"end":{"line":153,"column":1}},"35":{"start":{"line":152,"column":2},"end":{"line":152,"column":43}}},"fnMap":{"0":{"name":"(anonymous_0)","decl":{"start":{"line":16,"column":2},"end":{"line":16,"column":3}},"loc":{"start":{"line":16,"column":25},"end":{"line":22,"column":3}},"line":16},"1":{"name":"(anonymous_1)","decl":{"start":{"line":41,"column":2},"end":{"line":41,"column":3}},"loc":{"start":{"line":41,"column":41},"end":{"line":67,"column":3}},"line":41},"2":{"name":"(anonymous_2)","decl":{"start":{"line":81,"column":2},"end":{"line":81,"column":3}},"loc":{"start":{"line":81,"column":56},"end":{"line":97,"column":3}},"line":81},"3":{"name":"(anonymous_3)","decl":{"start":{"line":116,"column":2},"end":{"line":116,"column":3}},"loc":{"start":{"line":116,"column":60},"end":{"line":147,"column":3}},"line":116}},"branchMap":{"0":{"loc":{"start":{"line":17,"column":4},"end":{"line":19,"column":5}},"type":"if","locations":[{"start":{"line":17,"column":4},"end":{"line":19,"column":5}},{"start":{},"end":{}}],"line":17},"1":{"loc":{"start":{"line":41,"column":27},"end":{"line":41,"column":39}},"type":"default-arg","locations":[{"start":{"line":41,"column":37},"end":{"line":41,"column":39}}],"line":41},"2":{"loc":{"start":{"line":44,"column":6},"end":{"line":44,"column":17}},"type":"default-arg","locations":[{"start":{"line":44,"column":15},"end":{"line":44,"column":17}}],"line":44},"3":{"loc":{"start":{"line":45,"column":6},"end":{"line":45,"column":44}},"type":"default-arg","locations":[{"start":{"line":45,"column":13},"end":{"line":45,"column":44}}],"line":45},"4":{"loc":{"start":{"line":46,"column":6},"end":{"line":46,"column":23}},"type":"default-arg","locations":[{"start":{"line":46,"column":14},"end":{"line":46,"column":23}}],"line":46},"5":{"loc":{"start":{"line":51,"column":4},"end":{"line":53,"column":5}},"type":"if","locations":[{"start":{"line":51,"column":4},"end":{"line":53,"column":5}},{"start":{},"end":{}}],"line":51},"6":{"loc":{"start":{"line":55,"column":4},"end":{"line":57,"column":5}},"type":"if","locations":[{"start":{"line":55,"column":4},"end":{"line":57,"column":5}},{"start":{},"end":{}}],"line":55},"7":{"loc":{"start":{"line":59,"column":4},"end":{"line":62,"column":5}},"type":"if","locations":[{"start":{"line":59,"column":4},"end":{"line":62,"column":5}},{"start":{},"end":{}}],"line":59},"8":{"loc":{"start":{"line":59,"column":8},"end":{"line":59,"column":26}},"type":"binary-expr","locations":[{"start":{"line":59,"column":8},"end":{"line":59,"column":12}},{"start":{"line":59,"column":16},"end":{"line":59,"column":26}}],"line":59},"9":{"loc":{"start":{"line":61,"column":25},"end":{"line":61,"column":44}},"type":"binary-expr","locations":[{"start":{"line":61,"column":25},"end":{"line":61,"column":35}},{"start":{"line":61,"column":39},"end":{"line":61,"column":44}}],"line":61},"10":{"loc":{"start":{"line":66,"column":11},"end":{"line":66,"column":45}},"type":"binary-expr","locations":[{"start":{"line":66,"column":11},"end":{"line":66,"column":33}},{"start":{"line":66,"column":37},"end":{"line":66,"column":45}}],"line":66},"11":{"loc":{"start":{"line":81,"column":42},"end":{"line":81,"column":54}},"type":"default-arg","locations":[{"start":{"line":81,"column":52},"end":{"line":81,"column":54}}],"line":81},"12":{"loc":{"start":{"line":82,"column":4},"end":{"line":84,"column":5}},"type":"if","locations":[{"start":{"line":82,"column":4},"end":{"line":84,"column":5}},{"start":{},"end":{}}],"line":82},"13":{"loc":{"start":{"line":82,"column":8},"end":{"line":82,"column":61}},"type":"binary-expr","locations":[{"start":{"line":82,"column":8},"end":{"line":82,"column":23}},{"start":{"line":82,"column":27},"end":{"line":82,"column":61}}],"line":82},"14":{"loc":{"start":{"line":86,"column":12},"end":{"line":86,"column":23}},"type":"default-arg","locations":[{"start":{"line":86,"column":21},"end":{"line":86,"column":23}}],"line":86},"15":{"loc":{"start":{"line":86,"column":25},"end":{"line":86,"column":42}},"type":"default-arg","locations":[{"start":{"line":86,"column":33},"end":{"line":86,"column":42}}],"line":86},"16":{"loc":{"start":{"line":90,"column":4},"end":{"line":92,"column":5}},"type":"if","locations":[{"start":{"line":90,"column":4},"end":{"line":92,"column":5}},{"start":{},"end":{}}],"line":90},"17":{"loc":{"start":{"line":96,"column":11},"end":{"line":96,"column":44}},"type":"binary-expr","locations":[{"start":{"line":96,"column":11},"end":{"line":96,"column":32}},{"start":{"line":96,"column":36},"end":{"line":96,"column":44}}],"line":96},"18":{"loc":{"start":{"line":116,"column":46},"end":{"line":116,"column":58}},"type":"default-arg","locations":[{"start":{"line":116,"column":56},"end":{"line":116,"column":58}}],"line":116},"19":{"loc":{"start":{"line":117,"column":4},"end":{"line":119,"column":5}},"type":"if","locations":[{"start":{"line":117,"column":4},"end":{"line":119,"column":5}},{"start":{},"end":{}}],"line":117},"20":{"loc":{"start":{"line":117,"column":8},"end":{"line":117,"column":61}},"type":"binary-expr","locations":[{"start":{"line":117,"column":8},"end":{"line":117,"column":23}},{"start":{"line":117,"column":27},"end":{"line":117,"column":61}}],"line":117},"21":{"loc":{"start":{"line":121,"column":4},"end":{"line":123,"column":5}},"type":"if","locations":[{"start":{"line":121,"column":4},"end":{"line":123,"column":5}},{"start":{},"end":{}}],"line":121},"22":{"loc":{"start":{"line":121,"column":8},"end":{"line":121,"column":45}},"type":"binary-expr","locations":[{"start":{"line":121,"column":8},"end":{"line":121,"column":15}},{"start":{"line":121,"column":19},"end":{"line":121,"column":45}}],"line":121},"23":{"loc":{"start":{"line":126,"column":6},"end":{"line":126,"column":18}},"type":"default-arg","locations":[{"start":{"line":126,"column":16},"end":{"line":126,"column":18}}],"line":126},"24":{"loc":{"start":{"line":127,"column":6},"end":{"line":127,"column":17}},"type":"default-arg","locations":[{"start":{"line":127,"column":15},"end":{"line":127,"column":17}}],"line":127},"25":{"loc":{"start":{"line":128,"column":6},"end":{"line":128,"column":23}},"type":"default-arg","locations":[{"start":{"line":128,"column":14},"end":{"line":128,"column":23}}],"line":128},"26":{"loc":{"start":{"line":133,"column":4},"end":{"line":135,"column":5}},"type":"if","locations":[{"start":{"line":133,"column":4},"end":{"line":135,"column":5}},{"start":{},"end":{}}],"line":133},"27":{"loc":{"start":{"line":137,"column":4},"end":{"line":139,"column":5}},"type":"if","locations":[{"start":{"line":137,"column":4},"end":{"line":139,"column":5}},{"start":{},"end":{}}],"line":137},"28":{"loc":{"start":{"line":146,"column":11},"end":{"line":146,"column":36}},"type":"binary-expr","locations":[{"start":{"line":146,"column":11},"end":{"line":146,"column":24}},{"start":{"line":146,"column":28},"end":{"line":146,"column":36}}],"line":146},"29":{"loc":{"start":{"line":151,"column":0},"end":{"line":153,"column":1}},"type":"if","locations":[{"start":{"line":151,"column":0},"end":{"line":153,"column":1}},{"start":{},"end":{}}],"line":151},"30":{"loc":{"start":{"line":151,"column":4},"end":{"line":151,"column":51}},"type":"binary-expr","locations":[{"start":{"line":151,"column":4},"end":{"line":151,"column":33}},{"start":{"line":151,"column":37},"end":{"line":151,"column":51}}],"line":151}},"s":{"0":34,"1":1,"2":33,"3":6,"4":6,"5":6,"6":1,"7":6,"8":1,"9":6,"10":6,"11":6,"12":6,"13":6,"14":5,"15":2,"16":3,"17":3,"18":3,"19":1,"20":3,"21":3,"22":8,"23":2,"24":6,"25":2,"26":4,"27":4,"28":4,"29":1,"30":4,"31":1,"32":4,"33":4,"34":2,"35":2},"f":{"0":34,"1":6,"2":5,"3":8},"b":{"0":[1,33],"1":[3],"2":[5],"3":[5],"4":[6],"5":[1,5],"6":[1,5],"7":[6,0],"8":[6,6],"9":[6,0],"10":[6,1],"11":[4],"12":[2,3],"13":[5,4],"14":[2],"15":[3],"16":[1,2],"17":[3,0],"18":[6],"19":[2,6],"20":[8,7],"21":[2,4],"22":[6,5],"23":[3],"24":[3],"25":[4],"26":[1,3],"27":[1,3],"28":[4,0],"29":[2,0],"30":[2,2]},"_coverageSchema":"1a1c01bbd47fc00a2c39e90264f33305004495a9","hash":"adb131751b9f9d6e8dafb30fe0970f11519b1f98"}
[...]
,"/Users/twu/Sites/fliplet/widgets/fliplet-widget-app-merge/src/middleware/utils/DataMapper.js": {"path":"/Users/twu/Sites/fliplet/widgets/fliplet-widget-app-merge/src/middleware/utils/DataMapper.js","statementMap":{"0":{"start":{"line":24,"column":4},"end":{"line":26,"column":5}},"1":{"start":{"line":25,"column":6},"end":{"line":25,"column":18}},"2":{"start":{"line":28,"column":23},"end":{"line":28,"column":30}},"3":{"start":{"line":30,"column":24},"end":{"line":43,"column":5}},"4":{"start":{"line":46,"column":4},"end":{"line":48,"column":5}},"5":{"start":{"line":47,"column":6},"end":{"line":47,"column":52}},"6":{"start":{"line":50,"column":4},"end":{"line":50,"column":23}},"7":{"start":{"line":69,"column":4},"end":{"line":71,"column":5}},"8":{"start":{"line":70,"column":6},"end":{"line":70,"column":18}},"9":{"start":{"line":73,"column":52},"end":{"line":73,"column":59}},"10":{"start":{"line":75,"column":24},"end":{"line":84,"column":5}},"11":{"start":{"line":87,"column":4},"end":{"line":90,"column":5}},"12":{"start":{"line":88,"column":6},"end":{"line":88,"column":82}},"13":{"start":{"line":89,"column":6},"end":{"line":89,"column":70}},"14":{"start":{"line":93,"column":4},"end":{"line":95,"column":5}},"15":{"start":{"line":94,"column":6},"end":{"line":94,"column":52}},"16":{"start":{"line":97,"column":4},"end":{"line":97,"column":23}},"17":{"start":{"line":112,"column":4},"end":{"line":114,"column":5}},"18":{"start":{"line":113,"column":6},"end":{"line":113,"column":18}},"19":{"start":{"line":116,"column":23},"end":{"line":116,"column":30}},"20":{"start":{"line":118,"column":24},"end":{"line":128,"column":5}},"21":{"start":{"line":131,"column":4},"end":{"line":133,"column":5}},"22":{"start":{"line":132,"column":6},"end":{"line":132,"column":52}},"23":{"start":{"line":135,"column":4},"end":{"line":135,"column":23}},"24":{"start":{"line":150,"column":4},"end":{"line":152,"column":5}},"25":{"start":{"line":151,"column":6},"end":{"line":151,"column":18}},"26":{"start":{"line":154,"column":23},"end":{"line":154,"column":30}},"27":{"start":{"line":156,"column":24},"end":{"line":167,"column":5}},"28":{"start":{"line":170,"column":4},"end":{"line":172,"column":5}},"29":{"start":{"line":171,"column":6},"end":{"line":171,"column":52}},"30":{"start":{"line":174,"column":4},"end":{"line":174,"column":23}},"31":{"start":{"line":187,"column":4},"end":{"line":189,"column":5}},"32":{"start":{"line":188,"column":6},"end":{"line":188,"column":16}},"33":{"start":{"line":193,"column":4},"end":{"line":195,"column":6}},"34":{"start":{"line":210,"column":4},"end":{"line":212,"column":5}},"35":{"start":{"line":211,"column":6},"end":{"line":211,"column":17}},"36":{"start":{"line":214,"column":21},"end":{"line":214,"column":23}},"37":{"start":{"line":216,"column":4},"end":{"line":220,"column":7}},"38":{"start":{"line":217,"column":6},"end":{"line":219,"column":7}},"39":{"start":{"line":218,"column":8},"end":{"line":218,"column":37}},"40":{"start":{"line":222,"column":4},"end":{"line":222,"column":20}},"41":{"start":{"line":237,"column":4},"end":{"line":239,"column":5}},"42":{"start":{"line":238,"column":6},"end":{"line":238,"column":16}},"43":{"start":{"line":241,"column":4},"end":{"line":241,"column":85}},"44":{"start":{"line":241,"column":42},"end":{"line":241,"column":83}},"45":{"start":{"line":246,"column":0},"end":{"line":248,"column":1}},"46":{"start":{"line":247,"column":2},"end":{"line":247,"column":30}}},"fnMap":{"0":{"name":"(anonymous_0)","decl":{"start":{"line":23,"column":2},"end":{"line":23,"column":3}},"loc":{"start":{"line":23,"column":57},"end":{"line":51,"column":3}},"line":23},"1":{"name":"(anonymous_1)","decl":{"start":{"line":68,"column":2},"end":{"line":68,"column":3}},"loc":{"start":{"line":68,"column":58},"end":{"line":98,"column":3}},"line":68},"2":{"name":"(anonymous_2)","decl":{"start":{"line":111,"column":2},"end":{"line":111,"column":3}},"loc":{"start":{"line":111,"column":64},"end":{"line":136,"column":3}},"line":111},"3":{"name":"(anonymous_3)","decl":{"start":{"line":149,"column":2},"end":{"line":149,"column":3}},"loc":{"start":{"line":149,"column":59},"end":{"line":175,"column":3}},"line":149},"4":{"name":"(anonymous_4)","decl":{"start":{"line":186,"column":2},"end":{"line":186,"column":3}},"loc":{"start":{"line":186,"column":40},"end":{"line":196,"column":3}},"line":186},"5":{"name":"(anonymous_5)","decl":{"start":{"line":209,"column":2},"end":{"line":209,"column":3}},"loc":{"start":{"line":209,"column":35},"end":{"line":223,"column":3}},"line":209},"6":{"name":"(anonymous_6)","decl":{"start":{"line":216,"column":19},"end":{"line":216,"column":20}},"loc":{"start":{"line":216,"column":30},"end":{"line":220,"column":5}},"line":216},"7":{"name":"(anonymous_7)","decl":{"start":{"line":236,"column":2},"end":{"line":236,"column":3}},"loc":{"start":{"line":236,"column":65},"end":{"line":242,"column":3}},"line":236},"8":{"name":"(anonymous_8)","decl":{"start":{"line":241,"column":28},"end":{"line":241,"column":29}},"loc":{"start":{"line":241,"column":42},"end":{"line":241,"column":83}},"line":241}},"branchMap":{"0":{"loc":{"start":{"line":23,"column":43},"end":{"line":23,"column":55}},"type":"default-arg","locations":[{"start":{"line":23,"column":53},"end":{"line":23,"column":55}}],"line":23},"1":{"loc":{"start":{"line":24,"column":4},"end":{"line":26,"column":5}},"type":"if","locations":[{"start":{"line":24,"column":4},"end":{"line":26,"column":5}},{"start":{},"end":{}}],"line":24},"2":{"loc":{"start":{"line":46,"column":4},"end":{"line":48,"column":5}},"type":"if","locations":[{"start":{"line":46,"column":4},"end":{"line":48,"column":5}},{"start":{},"end":{}}],"line":46},"3":{"loc":{"start":{"line":46,"column":8},"end":{"line":46,"column":39}},"type":"binary-expr","locations":[{"start":{"line":46,"column":8},"end":{"line":46,"column":14}},{"start":{"line":46,"column":18},"end":{"line":46,"column":39}}],"line":46},"4":{"loc":{"start":{"line":68,"column":44},"end":{"line":68,"column":56}},"type":"default-arg","locations":[{"start":{"line":68,"column":54},"end":{"line":68,"column":56}}],"line":68},"5":{"loc":{"start":{"line":69,"column":4},"end":{"line":71,"column":5}},"type":"if","locations":[{"start":{"line":69,"column":4},"end":{"line":71,"column":5}},{"start":{},"end":{}}],"line":69},"6":{"loc":{"start":{"line":73,"column":20},"end":{"line":73,"column":47}},"type":"default-arg","locations":[{"start":{"line":73,"column":42},"end":{"line":73,"column":47}}],"line":73},"7":{"loc":{"start":{"line":87,"column":4},"end":{"line":90,"column":5}},"type":"if","locations":[{"start":{"line":87,"column":4},"end":{"line":90,"column":5}},{"start":{},"end":{}}],"line":87},"8":{"loc":{"start":{"line":88,"column":42},"end":{"line":88,"column":81}},"type":"binary-expr","locations":[{"start":{"line":88,"column":42},"end":{"line":88,"column":75}},{"start":{"line":88,"column":79},"end":{"line":88,"column":81}}],"line":88},"9":{"loc":{"start":{"line":89,"column":36},"end":{"line":89,"column":69}},"type":"binary-expr","locations":[{"start":{"line":89,"column":36},"end":{"line":89,"column":63}},{"start":{"line":89,"column":67},"end":{"line":89,"column":69}}],"line":89},"10":{"loc":{"start":{"line":93,"column":4},"end":{"line":95,"column":5}},"type":"if","locations":[{"start":{"line":93,"column":4},"end":{"line":95,"column":5}},{"start":{},"end":{}}],"line":93},"11":{"loc":{"start":{"line":93,"column":8},"end":{"line":93,"column":39}},"type":"binary-expr","locations":[{"start":{"line":93,"column":8},"end":{"line":93,"column":14}},{"start":{"line":93,"column":18},"end":{"line":93,"column":39}}],"line":93},"12":{"loc":{"start":{"line":111,"column":50},"end":{"line":111,"column":62}},"type":"default-arg","locations":[{"start":{"line":111,"column":60},"end":{"line":111,"column":62}}],"line":111},"13":{"loc":{"start":{"line":112,"column":4},"end":{"line":114,"column":5}},"type":"if","locations":[{"start":{"line":112,"column":4},"end":{"line":114,"column":5}},{"start":{},"end":{}}],"line":112},"14":{"loc":{"start":{"line":131,"column":4},"end":{"line":133,"column":5}},"type":"if","locations":[{"start":{"line":131,"column":4},"end":{"line":133,"column":5}},{"start":{},"end":{}}],"line":131},"15":{"loc":{"start":{"line":131,"column":8},"end":{"line":131,"column":39}},"type":"binary-expr","locations":[{"start":{"line":131,"column":8},"end":{"line":131,"column":14}},{"start":{"line":131,"column":18},"end":{"line":131,"column":39}}],"line":131},"16":{"loc":{"start":{"line":149,"column":45},"end":{"line":149,"column":57}},"type":"default-arg","locations":[{"start":{"line":149,"column":55},"end":{"line":149,"column":57}}],"line":149},"17":{"loc":{"start":{"line":150,"column":4},"end":{"line":152,"column":5}},"type":"if","locations":[{"start":{"line":150,"column":4},"end":{"line":152,"column":5}},{"start":{},"end":{}}],"line":150},"18":{"loc":{"start":{"line":170,"column":4},"end":{"line":172,"column":5}},"type":"if","locations":[{"start":{"line":170,"column":4},"end":{"line":172,"column":5}},{"start":{},"end":{}}],"line":170},"19":{"loc":{"start":{"line":170,"column":8},"end":{"line":170,"column":39}},"type":"binary-expr","locations":[{"start":{"line":170,"column":8},"end":{"line":170,"column":14}},{"start":{"line":170,"column":18},"end":{"line":170,"column":39}}],"line":170},"20":{"loc":{"start":{"line":187,"column":4},"end":{"line":189,"column":5}},"type":"if","locations":[{"start":{"line":187,"column":4},"end":{"line":189,"column":5}},{"start":{},"end":{}}],"line":187},"21":{"loc":{"start":{"line":210,"column":4},"end":{"line":212,"column":5}},"type":"if","locations":[{"start":{"line":210,"column":4},"end":{"line":212,"column":5}},{"start":{},"end":{}}],"line":210},"22":{"loc":{"start":{"line":210,"column":8},"end":{"line":210,"column":49}},"type":"binary-expr","locations":[{"start":{"line":210,"column":8},"end":{"line":210,"column":12}},{"start":{"line":210,"column":16},"end":{"line":210,"column":23}},{"start":{"line":210,"column":27},"end":{"line":210,"column":49}}],"line":210},"23":{"loc":{"start":{"line":217,"column":6},"end":{"line":219,"column":7}},"type":"if","locations":[{"start":{"line":217,"column":6},"end":{"line":219,"column":7}},{"start":{},"end":{}}],"line":217},"24":{"loc":{"start":{"line":236,"column":51},"end":{"line":236,"column":63}},"type":"default-arg","locations":[{"start":{"line":236,"column":61},"end":{"line":236,"column":63}}],"line":236},"25":{"loc":{"start":{"line":237,"column":4},"end":{"line":239,"column":5}},"type":"if","locations":[{"start":{"line":237,"column":4},"end":{"line":239,"column":5}},{"start":{},"end":{}}],"line":237},"26":{"loc":{"start":{"line":246,"column":0},"end":{"line":248,"column":1}},"type":"if","locations":[{"start":{"line":246,"column":0},"end":{"line":248,"column":1}},{"start":{},"end":{}}],"line":246},"27":{"loc":{"start":{"line":246,"column":4},"end":{"line":246,"column":51}},"type":"binary-expr","locations":[{"start":{"line":246,"column":4},"end":{"line":246,"column":33}},{"start":{"line":246,"column":37},"end":{"line":246,"column":51}}],"line":246}},"s":{"0":5,"1":1,"2":4,"3":4,"4":4,"5":3,"6":1,"7":5,"8":1,"9":4,"10":4,"11":4,"12":1,"13":1,"14":4,"15":1,"16":3,"17":2,"18":1,"19":1,"20":1,"21":1,"22":0,"23":1,"24":2,"25":1,"26":1,"27":1,"28":1,"29":0,"30":1,"31":2,"32":1,"33":1,"34":7,"35":1,"36":6,"37":6,"38":12,"39":11,"40":6,"41":2,"42":1,"43":1,"44":2,"45":2,"46":2},"f":{"0":5,"1":5,"2":2,"3":2,"4":2,"5":7,"6":12,"7":2,"8":2},"b":{"0":[2],"1":[1,4],"2":[3,1],"3":[4,3],"4":[3],"5":[1,4],"6":[3],"7":[1,3],"8":[1,0],"9":[1,0],"10":[1,3],"11":[4,1],"12":[2],"13":[1,1],"14":[0,1],"15":[1,0],"16":[2],"17":[1,1],"18":[0,1],"19":[1,0],"20":[1,1],"21":[1,6],"22":[7,7,6],"23":[11,1],"24":[1],"25":[1,1],"26":[2,0],"27":[2,2]},"_coverageSchema":"1a1c01bbd47fc00a2c39e90264f33305004495a9","hash":"a4c6aa67cdf2efc79f403dcedaebb45ac72f9a1e"}
,"/Users/twu/Sites/fliplet/widgets/fliplet-widget-app-merge/src/middleware/utils/EventEmitter.js": {"path":"/Users/twu/Sites/fliplet/widgets/fliplet-widget-app-merge/src/middleware/utils/EventEmitter.js","statementMap":{"0":{"start":{"line":13,"column":4},"end":{"line":13,"column":21}},"1":{"start":{"line":29,"column":4},"end":{"line":31,"column":5}},"2":{"start":{"line":30,"column":6},"end":{"line":30,"column":57}},"3":{"start":{"line":33,"column":4},"end":{"line":35,"column":5}},"4":{"start":{"line":34,"column":6},"end":{"line":34,"column":30}},"5":{"start":{"line":37,"column":4},"end":{"line":37,"column":38}},"6":{"start":{"line":39,"column":4},"end":{"line":39,"column":16}},"7":{"start":{"line":57,"column":4},"end":{"line":59,"column":5}},"8":{"start":{"line":58,"column":6},"end":{"line":58,"column":57}},"9":{"start":{"line":61,"column":24},"end":{"line":64,"column":5}},"10":{"start":{"line":62,"column":6},"end":{"line":62,"column":24}},"11":{"start":{"line":63,"column":6},"end":{"line":63,"column":35}},"12":{"start":{"line":66,"column":4},"end":{"line":66,"column":39}},"13":{"start":{"line":87,"column":4},"end":{"line":89,"column":5}},"14":{"start":{"line":88,"column":6},"end":{"line":88,"column":18}},"15":{"start":{"line":92,"column":4},"end":{"line":96,"column":5}},"16":{"start":{"line":93,"column":6},"end":{"line":93,"column":32}},"17":{"start":{"line":95,"column":6},"end":{"line":95,"column":18}},"18":{"start":{"line":99,"column":4},"end":{"line":99,"column":76}},"19":{"start":{"line":99,"column":59},"end":{"line":99,"column":74}},"20":{"start":{"line":102,"column":4},"end":{"line":104,"column":5}},"21":{"start":{"line":103,"column":6},"end":{"line":103,"column":32}},"22":{"start":{"line":106,"column":4},"end":{"line":106,"column":16}},"23":{"start":{"line":126,"column":4},"end":{"line":128,"column":5}},"24":{"start":{"line":127,"column":6},"end":{"line":127,"column":18}},"25":{"start":{"line":132,"column":22},"end":{"line":132,"column":45}},"26":{"start":{"line":134,"column":4},"end":{"line":141,"column":7}},"27":{"start":{"line":135,"column":6},"end":{"line":140,"column":7}},"28":{"start":{"line":136,"column":8},"end":{"line":136,"column":23}},"29":{"start":{"line":139,"column":8},"end":{"line":139,"column":72}},"30":{"start":{"line":143,"column":4},"end":{"line":143,"column":16}},"31":{"start":{"line":157,"column":4},"end":{"line":157,"column":21}},"32":{"start":{"line":159,"column":4},"end":{"line":159,"column":16}},"33":{"start":{"line":172,"column":4},"end":{"line":172,"column":62}},"34":{"start":{"line":185,"column":4},"end":{"line":185,"column":36}},"35":{"start":{"line":190,"column":0},"end":{"line":192,"column":1}},"36":{"start":{"line":191,"column":2},"end":{"line":191,"column":32}}},"fnMap":{"0":{"name":"(anonymous_0)","decl":{"start":{"line":12,"column":2},"end":{"line":12,"column":3}},"loc":{"start":{"line":12,"column":16},"end":{"line":14,"column":3}},"line":12},"1":{"name":"(anonymous_1)","decl":{"start":{"line":28,"column":2},"end":{"line":28,"column":3}},"loc":{"start":{"line":28,"column":22},"end":{"line":40,"column":3}},"line":28},"2":{"name":"(anonymous_2)","decl":{"start":{"line":56,"column":2},"end":{"line":56,"column":3}},"loc":{"start":{"line":56,"column":24},"end":{"line":67,"column":3}},"line":56},"3":{"name":"(anonymous_3)","decl":{"start":{"line":61,"column":24},"end":{"line":61,"column":25}},"loc":{"start":{"line":61,"column":37},"end":{"line":64,"column":5}},"line":61},"4":{"name":"(anonymous_4)","decl":{"start":{"line":86,"column":2},"end":{"line":86,"column":3}},"loc":{"start":{"line":86,"column":23},"end":{"line":107,"column":3}},"line":86},"5":{"name":"(anonymous_5)","decl":{"start":{"line":99,"column":51},"end":{"line":99,"column":52}},"loc":{"start":{"line":99,"column":59},"end":{"line":99,"column":74}},"line":99},"6":{"name":"(anonymous_6)","decl":{"start":{"line":125,"column":2},"end":{"line":125,"column":3}},"loc":{"start":{"line":125,"column":20},"end":{"line":144,"column":3}},"line":125},"7":{"name":"(anonymous_7)","decl":{"start":{"line":134,"column":22},"end":{"line":134,"column":23}},"loc":{"start":{"line":134,"column":36},"end":{"line":141,"column":5}},"line":134},"8":{"name":"(anonymous_8)","decl":{"start":{"line":156,"column":2},"end":{"line":156,"column":3}},"loc":{"start":{"line":156,"column":23},"end":{"line":160,"column":3}},"line":156},"9":{"name":"(anonymous_9)","decl":{"start":{"line":171,"column":2},"end":{"line":171,"column":3}},"loc":{"start":{"line":171,"column":23},"end":{"line":173,"column":3}},"line":171},"10":{"name":"(anonymous_10)","decl":{"start":{"line":184,"column":2},"end":{"line":184,"column":3}},"loc":{"start":{"line":184,"column":15},"end":{"line":186,"column":3}},"line":184}},"branchMap":{"0":{"loc":{"start":{"line":29,"column":4},"end":{"line":31,"column":5}},"type":"if","locations":[{"start":{"line":29,"column":4},"end":{"line":31,"column":5}},{"start":{},"end":{}}],"line":29},"1":{"loc":{"start":{"line":33,"column":4},"end":{"line":35,"column":5}},"type":"if","locations":[{"start":{"line":33,"column":4},"end":{"line":35,"column":5}},{"start":{},"end":{}}],"line":33},"2":{"loc":{"start":{"line":57,"column":4},"end":{"line":59,"column":5}},"type":"if","locations":[{"start":{"line":57,"column":4},"end":{"line":59,"column":5}},{"start":{},"end":{}}],"line":57},"3":{"loc":{"start":{"line":87,"column":4},"end":{"line":89,"column":5}},"type":"if","locations":[{"start":{"line":87,"column":4},"end":{"line":89,"column":5}},{"start":{},"end":{}}],"line":87},"4":{"loc":{"start":{"line":92,"column":4},"end":{"line":96,"column":5}},"type":"if","locations":[{"start":{"line":92,"column":4},"end":{"line":96,"column":5}},{"start":{},"end":{}}],"line":92},"5":{"loc":{"start":{"line":102,"column":4},"end":{"line":104,"column":5}},"type":"if","locations":[{"start":{"line":102,"column":4},"end":{"line":104,"column":5}},{"start":{},"end":{}}],"line":102},"6":{"loc":{"start":{"line":126,"column":4},"end":{"line":128,"column":5}},"type":"if","locations":[{"start":{"line":126,"column":4},"end":{"line":128,"column":5}},{"start":{},"end":{}}],"line":126},"7":{"loc":{"start":{"line":172,"column":11},"end":{"line":172,"column":61}},"type":"cond-expr","locations":[{"start":{"line":172,"column":32},"end":{"line":172,"column":57}},{"start":{"line":172,"column":60},"end":{"line":172,"column":61}}],"line":172},"8":{"loc":{"start":{"line":190,"column":0},"end":{"line":192,"column":1}},"type":"if","locations":[{"start":{"line":190,"column":0},"end":{"line":192,"column":1}},{"start":{},"end":{}}],"line":190},"9":{"loc":{"start":{"line":190,"column":4},"end":{"line":190,"column":51}},"type":"binary-expr","locations":[{"start":{"line":190,"column":4},"end":{"line":190,"column":33}},{"start":{"line":190,"column":37},"end":{"line":190,"column":51}}],"line":190}},"s":{"0":126,"1":51,"2":2,"3":49,"4":41,"5":49,"6":49,"7":8,"8":1,"9":7,"10":4,"11":4,"12":7,"13":16,"14":1,"15":15,"16":2,"17":2,"18":13,"19":17,"20":13,"21":10,"22":13,"23":88,"24":67,"25":21,"26":21,"27":26,"28":26,"29":1,"30":21,"31":2,"32":2,"33":13,"34":5,"35":4,"36":4},"f":{"0":126,"1":51,"2":8,"3":4,"4":16,"5":17,"6":88,"7":26,"8":2,"9":13,"10":5},"b":{"0":[2,49],"1":[41,8],"2":[1,7],"3":[1,15],"4":[2,13],"5":[10,3],"6":[67,21],"7":[7,6],"8":[4,0],"9":[4,4]},"_coverageSchema":"1a1c01bbd47fc00a2c39e90264f33305004495a9","hash":"c219eb3c0db2731cdea6548a5726d4b471a0b929"}
}
