TN:
SF:src/middleware/middleware.js
FN:59,(anonymous_0)
FN:80,(anonymous_1)
FN:149,(anonymous_2)
FN:161,(anonymous_3)
FN:173,(anonymous_4)
FN:185,(anonymous_5)
FN:197,(anonymous_6)
FN:209,(anonymous_7)
FN:223,(anonymous_8)
FN:236,(anonymous_9)
FN:249,(anonymous_10)
FN:262,(anonymous_11)
FN:273,(anonymous_12)
FN:296,(anonymous_13)
FNF:14
FNH:11
FNDA:18,(anonymous_0)
FNDA:13,(anonymous_1)
FNDA:1,(anonymous_2)
FNDA:2,(anonymous_3)
FNDA:1,(anonymous_4)
FNDA:0,(anonymous_5)
FNDA:0,(anonymous_6)
FNDA:0,(anonymous_7)
FNDA:1,(anonymous_8)
FNDA:1,(anonymous_9)
FNDA:2,(anonymous_10)
FNDA:1,(anonymous_11)
FNDA:12,(anonymous_12)
FNDA:11,(anonymous_13)
DA:26,1
DA:27,1
DA:28,1
DA:29,1
DA:32,1
DA:33,1
DA:34,1
DA:35,1
DA:36,1
DA:37,1
DA:40,1
DA:41,1
DA:42,1
DA:43,1
DA:46,1
DA:47,1
DA:48,1
DA:51,1
DA:60,18
DA:61,18
DA:62,18
DA:65,18
DA:66,18
DA:67,18
DA:68,18
DA:81,13
DA:82,1
DA:86,12
DA:89,12
DA:90,12
DA:94,12
DA:97,12
DA:98,12
DA:99,12
DA:100,12
DA:103,12
DA:104,12
DA:105,12
DA:106,12
DA:107,12
DA:108,12
DA:111,12
DA:116,12
DA:122,12
DA:133,12
DA:139,12
DA:150,1
DA:152,1
DA:162,2
DA:164,1
DA:174,1
DA:176,1
DA:186,0
DA:188,0
DA:198,0
DA:200,0
DA:210,0
DA:212,0
DA:224,1
DA:226,1
DA:237,1
DA:239,1
DA:250,2
DA:252,2
DA:263,1
DA:265,1
DA:274,12
DA:275,12
DA:278,12
DA:279,12
DA:282,12
DA:283,12
DA:286,12
DA:287,12
DA:297,11
DA:298,2
DA:304,1
DA:305,1
LF:78
LH:72
BRDA:59,0,0,16
BRDA:80,1,0,13
BRDA:81,2,0,1
BRDA:81,2,1,12
BRDA:149,3,0,1
BRDA:173,4,0,1
BRDA:185,5,0,0
BRDA:197,6,0,0
BRDA:209,7,0,0
BRDA:223,8,0,1
BRDA:274,9,0,12
BRDA:274,9,1,0
BRDA:278,10,0,12
BRDA:278,10,1,0
BRDA:282,11,0,12
BRDA:282,11,1,0
BRDA:286,12,0,12
BRDA:286,12,1,0
BRDA:297,13,0,2
BRDA:297,13,1,9
BRDA:304,14,0,1
BRDA:304,14,1,0
BRDA:304,15,0,1
BRDA:304,15,1,1
BRF:24
BRH:16
end_of_record
TN:
SF:src/middleware/api/AppsApiService.js
FN:17,(anonymous_0)
FN:52,(anonymous_1)
FN:123,(anonymous_2)
FN:155,(anonymous_3)
FN:180,(anonymous_4)
FN:204,(anonymous_5)
FN:225,(anonymous_6)
FNF:7
FNH:7
FNDA:49,(anonymous_0)
FNDA:12,(anonymous_1)
FNDA:6,(anonymous_2)
FNDA:5,(anonymous_3)
FNDA:4,(anonymous_4)
FNDA:3,(anonymous_5)
FNDA:4,(anonymous_6)
DA:18,49
DA:19,1
DA:22,48
DA:61,12
DA:64,12
DA:66,12
DA:67,2
DA:70,12
DA:71,1
DA:75,12
DA:76,2
DA:79,12
DA:80,2
DA:83,12
DA:84,1
DA:88,12
DA:89,2
DA:93,12
DA:94,12
DA:95,12
DA:99,12
DA:100,12
DA:101,12
DA:104,12
DA:106,12
DA:124,6
DA:125,2
DA:128,4
DA:130,4
DA:132,4
DA:133,1
DA:136,4
DA:138,4
DA:156,5
DA:157,2
DA:160,3
DA:162,3
DA:166,3
DA:181,4
DA:182,2
DA:185,2
DA:187,2
DA:191,2
DA:205,3
DA:206,2
DA:209,1
DA:211,1
DA:226,4
DA:227,2
DA:230,2
DA:232,2
DA:236,2
DA:241,2
DA:242,2
LF:54
LH:54
BRDA:18,0,0,1
BRDA:18,0,1,48
BRDA:52,1,0,3
BRDA:56,2,0,8
BRDA:57,3,0,10
BRDA:58,4,0,10
BRDA:59,5,0,10
BRDA:60,6,0,12
BRDA:66,7,0,2
BRDA:66,7,1,10
BRDA:70,8,0,1
BRDA:70,8,1,11
BRDA:75,9,0,2
BRDA:75,9,1,10
BRDA:79,10,0,2
BRDA:79,10,1,10
BRDA:83,11,0,1
BRDA:83,11,1,11
BRDA:83,12,0,12
BRDA:83,12,1,1
BRDA:88,13,0,2
BRDA:88,13,1,10
BRDA:93,14,0,12
BRDA:93,14,1,0
BRDA:93,15,0,12
BRDA:93,15,1,12
BRDA:95,16,0,12
BRDA:95,16,1,0
BRDA:99,17,0,12
BRDA:99,17,1,0
BRDA:100,18,0,12
BRDA:100,18,1,0
BRDA:101,19,0,12
BRDA:101,19,1,0
BRDA:106,20,0,12
BRDA:106,20,1,1
BRDA:123,21,0,5
BRDA:124,22,0,2
BRDA:124,22,1,4
BRDA:124,23,0,6
BRDA:124,23,1,5
BRDA:128,24,0,3
BRDA:128,25,0,4
BRDA:132,26,0,1
BRDA:132,26,1,3
BRDA:138,27,0,4
BRDA:138,27,1,1
BRDA:155,28,0,4
BRDA:156,29,0,2
BRDA:156,29,1,3
BRDA:156,30,0,5
BRDA:156,30,1,4
BRDA:160,31,0,2
BRDA:166,32,0,3
BRDA:166,32,1,0
BRDA:180,33,0,3
BRDA:181,34,0,2
BRDA:181,34,1,2
BRDA:181,35,0,4
BRDA:181,35,1,3
BRDA:185,36,0,1
BRDA:204,37,0,3
BRDA:205,38,0,2
BRDA:205,38,1,1
BRDA:205,39,0,3
BRDA:205,39,1,2
BRDA:225,40,0,3
BRDA:226,41,0,2
BRDA:226,41,1,2
BRDA:226,42,0,4
BRDA:226,42,1,3
BRDA:230,43,0,1
BRDA:241,44,0,2
BRDA:241,44,1,0
BRDA:241,45,0,2
BRDA:241,45,1,2
BRF:76
BRH:69
end_of_record
TN:
SF:src/middleware/api/DataSourcesApiService.js
FN:16,(anonymous_0)
FN:50,(anonymous_1)
FN:127,(anonymous_2)
FNF:3
FNH:3
FNDA:34,(anonymous_0)
FNDA:12,(anonymous_1)
FNDA:7,(anonymous_2)
DA:17,34
DA:18,1
DA:21,33
DA:51,12
DA:52,2
DA:63,10
DA:65,10
DA:70,10
DA:71,1
DA:75,10
DA:76,1
DA:80,10
DA:81,1
DA:84,10
DA:85,1
DA:89,10
DA:90,1
DA:94,10
DA:95,10
DA:96,10
DA:100,10
DA:101,10
DA:102,10
DA:105,10
DA:107,10
DA:128,7
DA:129,2
DA:137,5
DA:139,5
DA:141,5
DA:142,1
DA:145,5
DA:146,1
DA:149,5
DA:150,1
DA:153,5
DA:155,5
DA:160,2
DA:161,2
LF:39
LH:39
BRDA:17,0,0,1
BRDA:17,0,1,33
BRDA:50,1,0,5
BRDA:51,2,0,2
BRDA:51,2,1,10
BRDA:51,3,0,12
BRDA:51,3,1,11
BRDA:56,4,0,9
BRDA:57,5,0,9
BRDA:58,6,0,8
BRDA:59,7,0,9
BRDA:60,8,0,9
BRDA:61,9,0,9
BRDA:62,10,0,10
BRDA:70,11,0,1
BRDA:70,11,1,9
BRDA:75,12,0,1
BRDA:75,12,1,9
BRDA:80,13,0,1
BRDA:80,13,1,9
BRDA:84,14,0,1
BRDA:84,14,1,9
BRDA:89,15,0,1
BRDA:89,15,1,9
BRDA:94,16,0,10
BRDA:94,16,1,0
BRDA:94,17,0,10
BRDA:94,17,1,10
BRDA:96,18,0,10
BRDA:96,18,1,0
BRDA:100,19,0,10
BRDA:100,19,1,0
BRDA:101,20,0,10
BRDA:101,20,1,0
BRDA:102,21,0,10
BRDA:102,21,1,0
BRDA:107,22,0,10
BRDA:107,22,1,1
BRDA:127,23,0,4
BRDA:128,24,0,2
BRDA:128,24,1,5
BRDA:128,25,0,7
BRDA:128,25,1,6
BRDA:134,26,0,4
BRDA:135,27,0,4
BRDA:136,28,0,5
BRDA:141,29,0,1
BRDA:141,29,1,4
BRDA:145,30,0,1
BRDA:145,30,1,4
BRDA:149,31,0,1
BRDA:149,31,1,4
BRDA:155,32,0,5
BRDA:155,32,1,0
BRDA:160,33,0,2
BRDA:160,33,1,0
BRDA:160,34,0,2
BRDA:160,34,1,2
BRF:58
BRH:51
end_of_record
TN:
SF:src/middleware/api/MediaApiService.js
FN:16,(anonymous_0)
FN:51,(anonymous_1)
FN:130,(anonymous_2)
FN:177,(anonymous_3)
FNF:4
FNH:4
FNDA:40,(anonymous_0)
FNDA:11,(anonymous_1)
FNDA:7,(anonymous_2)
FNDA:7,(anonymous_3)
DA:17,40
DA:18,1
DA:21,39
DA:52,11
DA:53,2
DA:63,9
DA:65,9
DA:70,9
DA:71,1
DA:75,9
DA:76,1
DA:79,9
DA:80,1
DA:83,9
DA:84,1
DA:87,9
DA:88,1
DA:92,9
DA:93,1
DA:97,9
DA:98,9
DA:99,9
DA:103,9
DA:104,9
DA:105,9
DA:108,9
DA:110,9
DA:131,7
DA:132,2
DA:140,5
DA:142,5
DA:144,5
DA:145,1
DA:148,5
DA:149,1
DA:152,5
DA:153,1
DA:156,5
DA:158,5
DA:178,7
DA:179,2
DA:187,5
DA:189,5
DA:191,5
DA:192,1
DA:195,5
DA:196,1
DA:199,5
DA:200,1
DA:203,5
DA:205,5
DA:210,2
DA:211,2
LF:53
LH:53
BRDA:17,0,0,1
BRDA:17,0,1,39
BRDA:51,1,0,3
BRDA:52,2,0,2
BRDA:52,2,1,9
BRDA:52,3,0,11
BRDA:52,3,1,10
BRDA:57,4,0,8
BRDA:58,5,0,5
BRDA:59,6,0,8
BRDA:60,7,0,8
BRDA:61,8,0,8
BRDA:62,9,0,9
BRDA:70,10,0,1
BRDA:70,10,1,8
BRDA:75,11,0,1
BRDA:75,11,1,8
BRDA:79,12,0,1
BRDA:79,12,1,8
BRDA:83,13,0,1
BRDA:83,13,1,8
BRDA:87,14,0,1
BRDA:87,14,1,8
BRDA:92,15,0,1
BRDA:92,15,1,8
BRDA:97,16,0,9
BRDA:97,16,1,0
BRDA:97,17,0,9
BRDA:97,17,1,9
BRDA:99,18,0,9
BRDA:99,18,1,0
BRDA:103,19,0,9
BRDA:103,19,1,0
BRDA:104,20,0,9
BRDA:104,20,1,0
BRDA:105,21,0,9
BRDA:105,21,1,0
BRDA:130,22,0,4
BRDA:131,23,0,2
BRDA:131,23,1,5
BRDA:131,24,0,7
BRDA:131,24,1,6
BRDA:137,25,0,4
BRDA:138,26,0,4
BRDA:139,27,0,5
BRDA:144,28,0,1
BRDA:144,28,1,4
BRDA:148,29,0,1
BRDA:148,29,1,4
BRDA:152,30,0,1
BRDA:152,30,1,4
BRDA:158,31,0,5
BRDA:158,31,1,0
BRDA:177,32,0,4
BRDA:178,33,0,2
BRDA:178,33,1,5
BRDA:178,34,0,7
BRDA:178,34,1,6
BRDA:184,35,0,4
BRDA:185,36,0,4
BRDA:186,37,0,5
BRDA:191,38,0,1
BRDA:191,38,1,4
BRDA:195,39,0,1
BRDA:195,39,1,4
BRDA:199,40,0,1
BRDA:199,40,1,4
BRDA:205,41,0,5
BRDA:205,41,1,0
BRDA:210,42,0,2
BRDA:210,42,1,0
BRDA:210,43,0,2
BRDA:210,43,1,2
BRF:73
BRH:65
end_of_record
TN:
SF:src/middleware/api/MergeApiService.js
FN:16,(anonymous_0)
FN:41,(anonymous_1)
FN:72,(anonymous_2)
FN:101,(anonymous_3)
FN:147,(anonymous_4)
FN:171,(anonymous_5)
FN:196,(anonymous_6)
FN:228,(anonymous_7)
FNF:8
FNH:8
FNDA:50,(anonymous_0)
FNDA:5,(anonymous_1)
FNDA:4,(anonymous_2)
FNDA:4,(anonymous_3)
FNDA:5,(anonymous_4)
FNDA:5,(anonymous_5)
FNDA:4,(anonymous_6)
FNDA:8,(anonymous_7)
DA:17,50
DA:18,1
DA:21,49
DA:42,5
DA:43,2
DA:49,3
DA:51,3
DA:56,3
DA:73,4
DA:74,2
DA:77,2
DA:79,2
DA:83,2
DA:102,4
DA:103,2
DA:109,2
DA:111,2
DA:116,2
DA:148,5
DA:149,2
DA:152,3
DA:153,2
DA:156,1
DA:158,1
DA:172,5
DA:173,2
DA:176,3
DA:177,2
DA:180,1
DA:182,1
DA:197,4
DA:198,2
DA:201,2
DA:203,2
DA:205,2
DA:207,2
DA:229,8
DA:230,2
DA:237,6
DA:239,6
DA:241,6
DA:242,1
DA:245,6
DA:246,1
DA:249,6
DA:250,6
DA:251,6
DA:254,6
DA:256,6
DA:261,2
DA:262,2
LF:51
LH:51
BRDA:17,0,0,1
BRDA:17,0,1,49
BRDA:41,1,0,3
BRDA:42,2,0,2
BRDA:42,2,1,3
BRDA:42,3,0,5
BRDA:42,3,1,4
BRDA:47,4,0,2
BRDA:48,5,0,2
BRDA:72,6,0,3
BRDA:73,7,0,2
BRDA:73,7,1,2
BRDA:73,8,0,4
BRDA:73,8,1,3
BRDA:77,9,0,1
BRDA:101,10,0,3
BRDA:102,11,0,2
BRDA:102,11,1,2
BRDA:102,12,0,4
BRDA:102,12,1,3
BRDA:107,13,0,1
BRDA:108,14,0,1
BRDA:148,15,0,2
BRDA:148,15,1,3
BRDA:148,16,0,5
BRDA:148,16,1,4
BRDA:152,17,0,2
BRDA:152,17,1,1
BRDA:152,18,0,3
BRDA:152,18,1,2
BRDA:172,19,0,2
BRDA:172,19,1,3
BRDA:172,20,0,5
BRDA:172,20,1,4
BRDA:176,21,0,2
BRDA:176,21,1,1
BRDA:176,22,0,3
BRDA:176,22,1,2
BRDA:196,23,0,3
BRDA:197,24,0,2
BRDA:197,24,1,2
BRDA:197,25,0,4
BRDA:197,25,1,3
BRDA:203,26,0,1
BRDA:203,26,1,1
BRDA:228,27,0,5
BRDA:229,28,0,2
BRDA:229,28,1,6
BRDA:229,29,0,8
BRDA:229,29,1,7
BRDA:235,30,0,5
BRDA:236,31,0,5
BRDA:241,32,0,1
BRDA:241,32,1,5
BRDA:245,33,0,1
BRDA:245,33,1,5
BRDA:249,34,0,6
BRDA:249,34,1,0
BRDA:250,35,0,6
BRDA:250,35,1,0
BRDA:251,36,0,6
BRDA:251,36,1,0
BRDA:256,37,0,6
BRDA:256,37,1,1
BRDA:261,38,0,2
BRDA:261,38,1,0
BRDA:261,39,0,2
BRDA:261,39,1,2
BRF:68
BRH:64
end_of_record
TN:
SF:src/middleware/api/OrganizationsApiService.js
FN:16,(anonymous_0)
FN:41,(anonymous_1)
FN:81,(anonymous_2)
FN:116,(anonymous_3)
FNF:4
FNH:4
FNDA:34,(anonymous_0)
FNDA:6,(anonymous_1)
FNDA:5,(anonymous_2)
FNDA:8,(anonymous_3)
DA:17,34
DA:18,1
DA:21,33
DA:47,6
DA:49,6
DA:51,6
DA:52,1
DA:55,6
DA:56,1
DA:59,6
DA:60,6
DA:61,6
DA:64,6
DA:66,6
DA:82,5
DA:83,2
DA:86,3
DA:88,3
DA:90,3
DA:91,1
DA:94,3
DA:96,3
DA:117,8
DA:118,2
DA:121,6
DA:122,2
DA:129,4
DA:131,4
DA:133,4
DA:134,1
DA:137,4
DA:138,1
DA:141,4
DA:146,4
DA:151,2
DA:152,2
LF:36
LH:36
BRDA:17,0,0,1
BRDA:17,0,1,33
BRDA:41,1,0,3
BRDA:44,2,0,5
BRDA:45,3,0,5
BRDA:46,4,0,6
BRDA:51,5,0,1
BRDA:51,5,1,5
BRDA:55,6,0,1
BRDA:55,6,1,5
BRDA:59,7,0,6
BRDA:59,7,1,0
BRDA:59,8,0,6
BRDA:59,8,1,6
BRDA:61,9,0,6
BRDA:61,9,1,0
BRDA:66,10,0,6
BRDA:66,10,1,1
BRDA:81,11,0,4
BRDA:82,12,0,2
BRDA:82,12,1,3
BRDA:82,13,0,5
BRDA:82,13,1,4
BRDA:86,14,0,2
BRDA:86,15,0,3
BRDA:90,16,0,1
BRDA:90,16,1,2
BRDA:96,17,0,3
BRDA:96,17,1,0
BRDA:116,18,0,6
BRDA:117,19,0,2
BRDA:117,19,1,6
BRDA:117,20,0,8
BRDA:117,20,1,7
BRDA:121,21,0,2
BRDA:121,21,1,4
BRDA:121,22,0,6
BRDA:121,22,1,5
BRDA:126,23,0,3
BRDA:127,24,0,3
BRDA:128,25,0,4
BRDA:133,26,0,1
BRDA:133,26,1,3
BRDA:137,27,0,1
BRDA:137,27,1,3
BRDA:146,28,0,4
BRDA:146,28,1,0
BRDA:151,29,0,2
BRDA:151,29,1,0
BRDA:151,30,0,2
BRDA:151,30,1,2
BRF:51
BRH:46
end_of_record
TN:
SF:src/middleware/api/PagesApiService.js
FN:17,(anonymous_0)
FN:48,(anonymous_1)
FN:75,(anonymous_2)
FN:112,(anonymous_3)
FN:154,(anonymous_4)
FNF:5
FNH:5
FNDA:39,(anonymous_0)
FNDA:10,(anonymous_1)
FNDA:2,(anonymous_2)
FNDA:8,(anonymous_3)
FNDA:6,(anonymous_4)
DA:18,39
DA:19,1
DA:22,38
DA:49,10
DA:50,2
DA:60,8
DA:62,8
DA:65,8
DA:66,1
DA:70,8
DA:71,1
DA:75,8
DA:76,2
DA:80,8
DA:81,8
DA:82,8
DA:86,8
DA:87,8
DA:88,8
DA:91,8
DA:93,8
DA:113,8
DA:114,2
DA:117,6
DA:118,2
DA:125,4
DA:127,4
DA:129,4
DA:130,1
DA:133,4
DA:134,1
DA:137,4
DA:139,4
DA:155,6
DA:156,2
DA:159,4
DA:160,2
DA:163,2
DA:165,2
DA:167,2
DA:169,2
DA:174,2
DA:175,2
LF:43
LH:43
BRDA:18,0,0,1
BRDA:18,0,1,38
BRDA:48,1,0,5
BRDA:49,2,0,2
BRDA:49,2,1,8
BRDA:49,3,0,10
BRDA:49,3,1,9
BRDA:54,4,0,7
BRDA:55,5,0,7
BRDA:56,6,0,7
BRDA:57,7,0,7
BRDA:58,8,0,7
BRDA:59,9,0,8
BRDA:65,10,0,1
BRDA:65,10,1,7
BRDA:70,11,0,1
BRDA:70,11,1,7
BRDA:80,12,0,8
BRDA:80,12,1,0
BRDA:80,13,0,8
BRDA:80,13,1,8
BRDA:82,14,0,8
BRDA:82,14,1,0
BRDA:86,15,0,8
BRDA:86,15,1,0
BRDA:87,16,0,8
BRDA:87,16,1,0
BRDA:88,17,0,8
BRDA:88,17,1,0
BRDA:93,18,0,8
BRDA:93,18,1,1
BRDA:112,19,0,6
BRDA:113,20,0,2
BRDA:113,20,1,6
BRDA:113,21,0,8
BRDA:113,21,1,7
BRDA:117,22,0,2
BRDA:117,22,1,4
BRDA:117,23,0,6
BRDA:117,23,1,5
BRDA:122,24,0,3
BRDA:123,25,0,3
BRDA:124,26,0,4
BRDA:129,27,0,1
BRDA:129,27,1,3
BRDA:133,28,0,1
BRDA:133,28,1,3
BRDA:139,29,0,4
BRDA:139,29,1,0
BRDA:154,30,0,5
BRDA:155,31,0,2
BRDA:155,31,1,4
BRDA:155,32,0,6
BRDA:155,32,1,5
BRDA:159,33,0,2
BRDA:159,33,1,2
BRDA:159,34,0,4
BRDA:159,34,1,3
BRDA:163,35,0,1
BRDA:174,36,0,2
BRDA:174,36,1,0
BRDA:174,37,0,2
BRDA:174,37,1,2
BRF:63
BRH:56
end_of_record
TN:
SF:src/middleware/config/defaults.js
FN:83,getMergedConfig
FNF:1
FNH:1
FNDA:12,getMergedConfig
DA:9,1
DA:84,12
DA:96,1
DA:97,1
LF:4
LH:4
BRDA:83,0,0,0
BRDA:85,1,0,12
BRDA:85,1,1,12
BRDA:86,2,0,12
BRDA:86,2,1,12
BRDA:87,3,0,12
BRDA:87,3,1,12
BRDA:88,4,0,12
BRDA:88,4,1,11
BRDA:89,5,0,12
BRDA:89,5,1,12
BRDA:90,6,0,12
BRDA:90,6,1,12
BRDA:91,7,0,12
BRDA:91,7,1,12
BRDA:96,8,0,1
BRDA:96,8,1,0
BRDA:96,9,0,1
BRDA:96,9,1,1
BRF:19
BRH:17
end_of_record
TN:
SF:src/middleware/config/endpoints.js
FNF:0
FNH:0
DA:9,0
DA:48,0
DA:49,0
LF:3
LH:0
BRDA:48,0,0,0
BRDA:48,0,1,0
BRDA:48,1,0,0
BRDA:48,1,1,0
BRF:4
BRH:0
end_of_record
TN:
SF:src/middleware/config/error-messages.js
FN:76,getErrorMessage
FN:90,(anonymous_1)
FNF:2
FNH:0
FNDA:0,getErrorMessage
FNDA:0,(anonymous_1)
DA:9,0
DA:77,0
DA:79,0
DA:80,0
DA:83,0
DA:85,0
DA:86,0
DA:90,0
DA:91,0
DA:96,0
DA:97,0
LF:11
LH:0
BRDA:76,0,0,0
BRDA:79,1,0,0
BRDA:79,1,1,0
BRDA:85,2,0,0
BRDA:85,2,1,0
BRDA:91,3,0,0
BRDA:91,3,1,0
BRDA:96,4,0,0
BRDA:96,4,1,0
BRDA:96,5,0,0
BRDA:96,5,1,0
BRF:11
BRH:0
end_of_record
TN:
SF:src/middleware/config/validation-rules.js
FN:15,(anonymous_0)
FN:20,(anonymous_1)
FN:25,(anonymous_2)
FN:30,(anonymous_3)
FN:38,(anonymous_4)
FNF:5
FNH:0
FNDA:0,(anonymous_0)
FNDA:0,(anonymous_1)
FNDA:0,(anonymous_2)
FNDA:0,(anonymous_3)
FNDA:0,(anonymous_4)
DA:9,0
DA:15,0
DA:20,0
DA:25,0
DA:30,0
DA:39,0
DA:40,0
DA:41,0
DA:42,0
DA:44,0
DA:71,0
DA:72,0
LF:12
LH:0
BRDA:15,0,0,0
BRDA:15,0,1,0
BRDA:20,1,0,0
BRDA:20,1,1,0
BRDA:30,2,0,0
BRDA:30,2,1,0
BRDA:39,3,0,0
BRDA:39,3,1,0
BRDA:39,3,2,0
BRDA:40,4,0,0
BRDA:40,4,1,0
BRDA:40,4,2,0
BRDA:41,5,0,0
BRDA:41,5,1,0
BRDA:41,5,2,0
BRDA:42,6,0,0
BRDA:42,6,1,0
BRDA:42,6,2,0
BRDA:44,7,0,0
BRDA:44,7,1,0
BRDA:44,7,2,0
BRDA:44,7,3,0
BRDA:71,8,0,0
BRDA:71,8,1,0
BRDA:71,9,0,0
BRDA:71,9,1,0
BRF:26
BRH:0
end_of_record
TN:
SF:src/middleware/controllers/AppLockController.js
FN:19,(anonymous_0)
FN:57,(anonymous_1)
FN:128,(anonymous_2)
FN:179,(anonymous_3)
FN:234,(anonymous_4)
FN:273,(anonymous_5)
FN:285,(anonymous_6)
FN:311,(anonymous_7)
FN:335,(anonymous_8)
FN:349,(anonymous_9)
FN:350,(anonymous_10)
FNF:11
FNH:10
FNDA:53,(anonymous_0)
FNDA:9,(anonymous_1)
FNDA:7,(anonymous_2)
FNDA:8,(anonymous_3)
FNDA:7,(anonymous_4)
FNDA:6,(anonymous_5)
FNDA:4,(anonymous_6)
FNDA:0,(anonymous_7)
FNDA:15,(anonymous_8)
FNDA:49,(anonymous_9)
FNDA:6,(anonymous_10)
DA:20,53
DA:21,1
DA:24,52
DA:25,1
DA:28,51
DA:29,1
DA:32,50
DA:33,50
DA:34,50
DA:37,50
DA:58,9
DA:59,1
DA:62,8
DA:63,1
DA:70,7
DA:72,7
DA:74,7
DA:80,6
DA:90,6
DA:97,6
DA:98,1
DA:105,6
DA:108,1
DA:114,1
DA:129,7
DA:130,1
DA:133,6
DA:134,1
DA:137,5
DA:139,5
DA:142,5
DA:147,4
DA:150,4
DA:155,4
DA:157,1
DA:163,1
DA:180,8
DA:181,1
DA:184,7
DA:185,1
DA:188,6
DA:190,6
DA:191,6
DA:197,5
DA:199,5
DA:206,5
DA:213,5
DA:215,1
DA:221,1
DA:235,7
DA:237,7
DA:238,1
DA:244,6
DA:245,6
DA:246,6
DA:248,6
DA:279,6
DA:282,6
DA:285,6
DA:286,4
DA:288,4
DA:290,2
DA:295,2
DA:297,2
DA:301,2
DA:302,2
DA:309,2
DA:310,1
DA:312,0
DA:323,6
DA:336,15
DA:338,15
DA:339,4
DA:340,4
DA:350,49
DA:351,6
DA:354,49
DA:359,2
DA:360,2
LF:79
LH:78
BRDA:20,0,0,1
BRDA:20,0,1,52
BRDA:24,1,0,1
BRDA:24,1,1,51
BRDA:28,2,0,1
BRDA:28,2,1,50
BRDA:57,3,0,6
BRDA:58,4,0,1
BRDA:58,4,1,8
BRDA:58,5,0,9
BRDA:58,5,1,8
BRDA:62,6,0,1
BRDA:62,6,1,7
BRDA:62,7,0,8
BRDA:62,7,1,7
BRDA:67,8,0,6
BRDA:68,9,0,5
BRDA:69,10,0,7
BRDA:97,11,0,1
BRDA:97,11,1,5
BRDA:129,12,0,1
BRDA:129,12,1,6
BRDA:129,13,0,7
BRDA:129,13,1,6
BRDA:133,14,0,1
BRDA:133,14,1,5
BRDA:133,15,0,6
BRDA:133,15,1,5
BRDA:179,16,0,6
BRDA:180,17,0,1
BRDA:180,17,1,7
BRDA:180,18,0,8
BRDA:180,18,1,7
BRDA:184,19,0,1
BRDA:184,19,1,6
BRDA:184,20,0,7
BRDA:184,20,1,6
BRDA:188,21,0,4
BRDA:197,22,0,5
BRDA:197,22,1,0
BRDA:237,23,0,1
BRDA:237,23,1,6
BRDA:237,24,0,7
BRDA:237,24,1,6
BRDA:237,24,2,0
BRDA:251,25,0,3
BRDA:251,25,1,3
BRDA:273,26,0,0
BRDA:276,27,0,3
BRDA:277,28,0,4
BRDA:278,29,0,6
BRDA:288,30,0,2
BRDA:288,30,1,2
BRDA:301,31,0,2
BRDA:301,31,1,0
BRDA:309,32,0,1
BRDA:309,32,1,1
BRDA:309,33,0,2
BRDA:309,33,1,1
BRDA:338,34,0,4
BRDA:338,34,1,11
BRDA:359,35,0,2
BRDA:359,35,1,0
BRDA:359,36,0,2
BRDA:359,36,1,2
BRF:65
BRH:60
end_of_record
TN:
SF:src/middleware/controllers/MergeConfigurationController.js
FN:25,(anonymous_0)
FN:75,(anonymous_1)
FN:92,(anonymous_2)
FN:133,(anonymous_3)
FN:167,(anonymous_4)
FN:194,(anonymous_5)
FN:219,(anonymous_6)
FN:245,(anonymous_7)
FN:259,(anonymous_8)
FN:311,(anonymous_9)
FN:355,(anonymous_10)
FN:404,(anonymous_11)
FN:444,(anonymous_12)
FN:452,(anonymous_13)
FNF:14
FNH:13
FNDA:61,(anonymous_0)
FNDA:7,(anonymous_1)
FNDA:1,(anonymous_2)
FNDA:10,(anonymous_3)
FNDA:11,(anonymous_4)
FNDA:7,(anonymous_5)
FNDA:2,(anonymous_6)
FNDA:8,(anonymous_7)
FNDA:0,(anonymous_8)
FNDA:4,(anonymous_9)
FNDA:6,(anonymous_10)
FNDA:3,(anonymous_11)
FNDA:3,(anonymous_12)
FNDA:2,(anonymous_13)
DA:35,61
DA:38,61
DA:39,60
DA:40,59
DA:41,59
DA:42,59
DA:43,59
DA:44,59
DA:45,59
DA:47,59
DA:48,59
DA:49,59
DA:50,59
DA:51,59
DA:52,59
DA:53,59
DA:54,59
DA:57,59
DA:76,7
DA:77,1
DA:80,6
DA:82,6
DA:84,6
DA:85,5
DA:91,4
DA:92,1
DA:97,4
DA:106,4
DA:108,4
DA:114,2
DA:119,2
DA:134,10
DA:136,10
DA:137,1
DA:143,9
DA:145,5
DA:148,1
DA:151,2
DA:154,1
DA:168,11
DA:170,11
DA:171,1
DA:174,11
DA:175,1
DA:178,11
DA:179,1
DA:182,11
DA:195,7
DA:198,7
DA:199,7
DA:200,7
DA:201,7
DA:203,7
DA:204,1
DA:207,7
DA:221,2
DA:222,2
DA:224,2
DA:229,2
DA:246,8
DA:248,8
DA:250,8
DA:251,1
DA:255,7
DA:256,6
DA:258,6
DA:259,0
DA:264,7
DA:265,7
DA:267,7
DA:269,2
DA:271,2
DA:276,2
DA:283,5
DA:286,5
DA:287,5
DA:289,5
DA:294,5
DA:312,4
DA:314,4
DA:316,4
DA:317,1
DA:320,3
DA:322,3
DA:323,1
DA:326,2
DA:327,2
DA:330,2
DA:331,2
DA:333,2
DA:338,2
DA:356,6
DA:358,6
DA:360,6
DA:361,1
DA:364,5
DA:366,5
DA:367,4
DA:374,4
DA:376,4
DA:381,4
DA:386,1
DA:390,1
DA:405,3
DA:407,3
DA:409,3
DA:410,1
DA:413,2
DA:414,1
DA:418,1
DA:429,1
DA:445,3
DA:447,3
DA:448,1
DA:452,2
DA:453,2
DA:456,2
DA:461,2
DA:466,2
DA:467,2
LF:120
LH:119
BRDA:25,0,0,0
BRDA:38,1,0,1
BRDA:38,1,1,60
BRDA:39,2,0,1
BRDA:39,2,1,59
BRDA:40,3,0,0
BRDA:40,3,1,59
BRDA:41,4,0,0
BRDA:41,4,1,59
BRDA:42,5,0,0
BRDA:42,5,1,59
BRDA:43,6,0,0
BRDA:43,6,1,59
BRDA:44,7,0,0
BRDA:44,7,1,59
BRDA:45,8,0,0
BRDA:45,8,1,59
BRDA:75,9,0,6
BRDA:76,10,0,1
BRDA:76,10,1,6
BRDA:76,11,0,7
BRDA:76,11,1,6
BRDA:80,12,0,5
BRDA:84,13,0,5
BRDA:84,13,1,1
BRDA:91,14,0,1
BRDA:91,14,1,3
BRDA:133,15,0,10
BRDA:136,16,0,1
BRDA:136,16,1,9
BRDA:143,17,0,5
BRDA:143,17,1,1
BRDA:143,17,2,2
BRDA:143,17,3,1
BRDA:170,18,0,1
BRDA:170,18,1,10
BRDA:174,19,0,1
BRDA:174,19,1,10
BRDA:178,20,0,1
BRDA:178,20,1,10
BRDA:198,21,0,7
BRDA:198,21,1,5
BRDA:198,21,2,4
BRDA:199,22,0,7
BRDA:199,22,1,1
BRDA:199,22,2,1
BRDA:200,23,0,7
BRDA:200,23,1,0
BRDA:200,23,2,0
BRDA:201,24,0,7
BRDA:201,24,1,0
BRDA:201,24,2,0
BRDA:203,25,0,1
BRDA:203,25,1,6
BRDA:203,26,0,7
BRDA:203,26,1,2
BRDA:203,26,2,1
BRDA:203,26,3,1
BRDA:245,27,0,7
BRDA:246,28,0,7
BRDA:250,29,0,1
BRDA:250,29,1,7
BRDA:255,30,0,6
BRDA:255,30,1,1
BRDA:258,31,0,0
BRDA:258,31,1,6
BRDA:267,32,0,2
BRDA:267,32,1,5
BRDA:311,33,0,4
BRDA:312,34,0,4
BRDA:316,35,0,1
BRDA:316,35,1,3
BRDA:322,36,0,1
BRDA:322,36,1,2
BRDA:355,37,0,5
BRDA:356,38,0,5
BRDA:360,39,0,1
BRDA:360,39,1,5
BRDA:366,40,0,4
BRDA:366,40,1,1
BRDA:366,41,0,5
BRDA:366,41,1,4
BRDA:404,42,0,2
BRDA:405,43,0,2
BRDA:409,44,0,1
BRDA:409,44,1,2
BRDA:413,45,0,1
BRDA:413,45,1,1
BRDA:419,46,0,1
BRDA:419,46,1,1
BRDA:419,46,2,1
BRDA:420,47,0,1
BRDA:420,47,1,0
BRDA:420,47,2,0
BRDA:421,48,0,1
BRDA:421,48,1,1
BRDA:421,48,2,0
BRDA:422,49,0,1
BRDA:422,49,1,1
BRDA:422,49,2,0
BRDA:423,50,0,1
BRDA:423,50,1,0
BRDA:423,51,0,0
BRDA:423,51,1,0
BRDA:424,52,0,0
BRDA:424,52,1,1
BRDA:424,53,0,1
BRDA:424,53,1,0
BRDA:425,54,0,0
BRDA:425,54,1,1
BRDA:425,55,0,0
BRDA:425,55,1,1
BRDA:426,56,0,0
BRDA:426,56,1,1
BRDA:426,57,0,0
BRDA:426,57,1,1
BRDA:447,58,0,1
BRDA:447,58,1,2
BRDA:466,59,0,2
BRDA:466,59,1,0
BRDA:466,60,0,2
BRDA:466,60,1,2
BRF:122
BRH:96
end_of_record
TN:
SF:src/middleware/controllers/MergeExecutionController.js
FN:19,(anonymous_0)
FN:53,(anonymous_1)
FN:119,(anonymous_2)
FN:129,(anonymous_3)
FN:200,(anonymous_4)
FN:220,(anonymous_5)
FN:259,(anonymous_6)
FN:285,(anonymous_7)
FN:286,(anonymous_8)
FNF:9
FNH:9
FNDA:48,(anonymous_0)
FNDA:8,(anonymous_1)
FNDA:10,(anonymous_2)
FNDA:8,(anonymous_3)
FNDA:15,(anonymous_4)
FNDA:4,(anonymous_5)
FNDA:5,(anonymous_6)
FNDA:44,(anonymous_7)
FNDA:9,(anonymous_8)
DA:20,48
DA:21,1
DA:24,47
DA:25,1
DA:28,46
DA:29,1
DA:32,45
DA:33,45
DA:34,45
DA:37,45
DA:54,8
DA:55,1
DA:58,7
DA:59,1
DA:65,6
DA:67,6
DA:69,6
DA:72,5
DA:82,5
DA:89,5
DA:90,1
DA:95,5
DA:97,1
DA:102,1
DA:123,10
DA:126,10
DA:129,10
DA:130,8
DA:131,8
DA:134,7
DA:143,7
DA:152,7
DA:153,1
DA:161,7
DA:162,3
DA:164,3
DA:165,2
DA:171,1
DA:179,1
DA:188,10
DA:201,15
DA:203,15
DA:204,4
DA:205,4
DA:221,4
DA:222,1
DA:225,3
DA:226,1
DA:229,2
DA:230,2
DA:232,1
DA:240,1
DA:260,5
DA:261,1
DA:264,4
DA:265,1
DA:268,3
DA:269,3
DA:274,2
DA:276,1
DA:286,44
DA:287,9
DA:290,44
DA:295,2
DA:296,2
LF:65
LH:65
BRDA:20,0,0,1
BRDA:20,0,1,47
BRDA:24,1,0,1
BRDA:24,1,1,46
BRDA:28,2,0,1
BRDA:28,2,1,45
BRDA:53,3,0,4
BRDA:54,4,0,1
BRDA:54,4,1,7
BRDA:54,5,0,8
BRDA:54,5,1,7
BRDA:58,6,0,1
BRDA:58,6,1,6
BRDA:63,7,0,2
BRDA:64,8,0,6
BRDA:76,9,0,5
BRDA:76,9,1,0
BRDA:77,10,0,5
BRDA:77,10,1,5
BRDA:89,11,0,1
BRDA:89,11,1,4
BRDA:119,12,0,8
BRDA:121,13,0,8
BRDA:122,14,0,10
BRDA:137,15,0,7
BRDA:137,15,1,0
BRDA:152,16,0,1
BRDA:152,16,1,6
BRDA:152,17,0,7
BRDA:152,17,1,4
BRDA:161,18,0,3
BRDA:161,18,1,4
BRDA:161,19,0,7
BRDA:161,19,1,5
BRDA:161,19,2,4
BRDA:164,20,0,2
BRDA:164,20,1,1
BRDA:174,21,0,1
BRDA:174,21,1,0
BRDA:203,22,0,4
BRDA:203,22,1,11
BRDA:220,23,0,4
BRDA:221,24,0,1
BRDA:221,24,1,3
BRDA:221,25,0,4
BRDA:221,25,1,3
BRDA:225,26,0,1
BRDA:225,26,1,2
BRDA:225,27,0,3
BRDA:225,27,1,2
BRDA:259,28,0,4
BRDA:260,29,0,1
BRDA:260,29,1,4
BRDA:260,30,0,5
BRDA:260,30,1,4
BRDA:264,31,0,1
BRDA:264,31,1,3
BRDA:264,32,0,4
BRDA:264,32,1,3
BRDA:295,33,0,2
BRDA:295,33,1,0
BRDA:295,34,0,2
BRDA:295,34,1,2
BRF:63
BRH:59
end_of_record
TN:
SF:src/middleware/controllers/ValidationController.js
FN:18,(anonymous_0)
FN:51,(anonymous_1)
FN:105,(anonymous_2)
FN:113,(anonymous_3)
FN:117,(anonymous_4)
FN:120,(anonymous_5)
FN:165,(anonymous_6)
FN:174,(anonymous_7)
FN:199,(anonymous_8)
FN:249,(anonymous_9)
FN:326,(anonymous_10)
FNF:11
FNH:11
FNDA:42,(anonymous_0)
FNDA:4,(anonymous_1)
FNDA:8,(anonymous_2)
FNDA:7,(anonymous_3)
FNDA:5,(anonymous_4)
FNDA:3,(anonymous_5)
FNDA:2,(anonymous_6)
FNDA:1,(anonymous_7)
FNDA:8,(anonymous_8)
FNDA:5,(anonymous_9)
FNDA:7,(anonymous_10)
DA:19,42
DA:20,1
DA:23,41
DA:24,1
DA:27,40
DA:28,40
DA:57,4
DA:59,4
DA:62,4
DA:63,3
DA:65,3
DA:66,1
DA:71,4
DA:72,3
DA:74,3
DA:75,1
DA:80,4
DA:81,3
DA:83,3
DA:84,0
DA:88,4
DA:106,8
DA:108,8
DA:109,8
DA:111,7
DA:112,7
DA:113,7
DA:116,7
DA:117,3
DA:118,5
DA:120,5
DA:121,3
DA:132,7
DA:138,1
DA:166,2
DA:168,2
DA:171,2
DA:173,2
DA:174,1
DA:182,2
DA:200,8
DA:202,8
DA:204,8
DA:208,7
DA:211,7
DA:212,3
DA:221,7
DA:226,1
DA:250,5
DA:252,5
DA:256,4
DA:259,4
DA:261,3
DA:262,2
DA:265,2
DA:267,2
DA:268,1
DA:280,3
DA:281,1
DA:284,1
DA:286,1
DA:287,1
DA:299,4
DA:304,1
DA:327,7
DA:328,7
DA:332,6
DA:333,6
DA:334,6
DA:336,6
DA:337,1
DA:346,6
DA:348,6
DA:355,1
DA:369,2
DA:370,2
LF:76
LH:75
BRDA:19,0,0,1
BRDA:19,0,1,41
BRDA:23,1,0,1
BRDA:23,1,1,40
BRDA:51,2,0,2
BRDA:53,3,0,3
BRDA:54,4,0,3
BRDA:55,5,0,3
BRDA:56,6,0,4
BRDA:62,7,0,3
BRDA:62,7,1,1
BRDA:65,8,0,1
BRDA:65,8,1,2
BRDA:71,9,0,3
BRDA:71,9,1,1
BRDA:74,10,0,1
BRDA:74,10,1,2
BRDA:80,11,0,3
BRDA:80,11,1,1
BRDA:83,12,0,0
BRDA:83,12,1,3
BRDA:105,13,0,4
BRDA:106,14,0,4
BRDA:113,15,0,7
BRDA:113,15,1,7
BRDA:116,16,0,3
BRDA:116,16,1,4
BRDA:118,17,0,5
BRDA:118,17,1,0
BRDA:125,18,0,3
BRDA:125,18,1,1
BRDA:165,19,0,2
BRDA:166,20,0,2
BRDA:173,21,0,1
BRDA:173,21,1,1
BRDA:177,22,0,1
BRDA:177,22,1,0
BRDA:199,23,0,7
BRDA:200,24,0,7
BRDA:211,25,0,3
BRDA:211,25,1,4
BRDA:211,26,0,7
BRDA:211,26,1,6
BRDA:249,27,0,5
BRDA:259,28,0,3
BRDA:259,28,1,1
BRDA:261,29,0,2
BRDA:261,29,1,1
BRDA:261,30,0,3
BRDA:261,30,1,2
BRDA:262,31,0,2
BRDA:262,31,1,0
BRDA:265,32,0,2
BRDA:265,32,1,0
BRDA:267,33,0,1
BRDA:267,33,1,1
BRDA:273,34,0,1
BRDA:273,34,1,0
BRDA:280,35,0,1
BRDA:280,35,1,2
BRDA:280,36,0,3
BRDA:280,36,1,1
BRDA:281,37,0,1
BRDA:281,37,1,0
BRDA:284,38,0,1
BRDA:284,38,1,0
BRDA:286,39,0,1
BRDA:286,39,1,0
BRDA:292,40,0,1
BRDA:292,40,1,0
BRDA:326,41,0,7
BRDA:334,42,0,2
BRDA:334,42,1,4
BRDA:336,43,0,1
BRDA:336,43,1,5
BRDA:336,44,0,6
BRDA:336,44,1,2
BRDA:346,45,0,2
BRDA:346,45,1,4
BRDA:369,46,0,2
BRDA:369,46,1,0
BRDA:369,47,0,2
BRDA:369,47,1,2
BRF:83
BRH:72
end_of_record
TN:
SF:src/middleware/core/ApiClient.js
FN:21,(anonymous_0)
FN:59,(anonymous_1)
FN:101,(anonymous_2)
FN:126,(anonymous_3)
FN:147,(anonymous_4)
FN:186,(anonymous_5)
FN:187,(anonymous_6)
FN:201,(anonymous_7)
FN:216,(anonymous_8)
FN:228,(anonymous_9)
FN:239,(anonymous_10)
FNF:11
FNH:11
FNDA:48,(anonymous_0)
FNDA:19,(anonymous_1)
FNDA:24,(anonymous_2)
FNDA:23,(anonymous_3)
FNDA:19,(anonymous_4)
FNDA:8,(anonymous_5)
FNDA:8,(anonymous_6)
FNDA:1,(anonymous_7)
FNDA:1,(anonymous_8)
FNDA:1,(anonymous_9)
FNDA:1,(anonymous_10)
DA:22,48
DA:29,48
DA:30,48
DA:32,48
DA:33,48
DA:34,1
DA:37,48
DA:38,1
DA:60,19
DA:67,19
DA:68,1
DA:72,19
DA:73,19
DA:77,19
DA:78,3
DA:82,19
DA:83,2
DA:86,19
DA:103,24
DA:105,24
DA:107,4
DA:109,4
DA:113,20
DA:127,23
DA:129,23
DA:130,2
DA:133,23
DA:150,19
DA:151,26
DA:152,26
DA:154,15
DA:156,11
DA:159,11
DA:160,2
DA:164,9
DA:165,7
DA:167,7
DA:173,2
DA:187,8
DA:202,1
DA:217,1
DA:229,1
DA:240,1
DA:245,2
DA:246,2
LF:45
LH:45
BRDA:32,0,0,48
BRDA:32,0,1,0
BRDA:32,1,0,48
BRDA:32,1,1,48
BRDA:32,1,2,48
BRDA:33,2,0,1
BRDA:33,2,1,47
BRDA:37,3,0,1
BRDA:37,3,1,47
BRDA:59,4,0,11
BRDA:59,5,0,13
BRDA:67,6,0,1
BRDA:67,6,1,18
BRDA:72,7,0,19
BRDA:72,7,1,0
BRDA:72,8,0,19
BRDA:72,8,1,18
BRDA:73,9,0,19
BRDA:73,9,1,18
BRDA:77,10,0,3
BRDA:77,10,1,16
BRDA:77,11,0,19
BRDA:77,11,1,5
BRDA:82,12,0,2
BRDA:82,12,1,17
BRDA:82,13,0,19
BRDA:82,13,1,5
BRDA:103,14,0,2
BRDA:103,14,1,22
BRDA:105,15,0,4
BRDA:105,15,1,20
BRDA:107,16,0,3
BRDA:107,16,1,1
BRDA:126,17,0,20
BRDA:129,18,0,2
BRDA:129,18,1,21
BRDA:159,19,0,2
BRDA:159,19,1,9
BRDA:159,20,0,11
BRDA:159,20,1,3
BRDA:164,21,0,7
BRDA:164,21,1,2
BRDA:201,22,0,0
BRDA:201,23,0,1
BRDA:216,24,0,0
BRDA:216,25,0,1
BRDA:228,26,0,0
BRDA:228,27,0,1
BRDA:239,28,0,1
BRDA:245,29,0,2
BRDA:245,29,1,0
BRDA:245,30,0,2
BRDA:245,30,1,2
BRF:53
BRH:47
end_of_record
TN:
SF:src/middleware/core/BaseMiddleware.js
FN:28,(anonymous_0)
FN:49,(anonymous_1)
FN:74,(anonymous_2)
FN:89,(anonymous_3)
FN:103,(anonymous_4)
FN:122,(anonymous_5)
FN:154,(anonymous_6)
FN:184,(anonymous_7)
FN:204,(anonymous_8)
FN:219,(anonymous_9)
FN:234,(anonymous_10)
FN:245,(anonymous_11)
FN:260,(anonymous_12)
FN:271,(anonymous_13)
FN:280,(anonymous_14)
FNF:15
FNH:15
FNDA:41,(anonymous_0)
FNDA:7,(anonymous_1)
FNDA:4,(anonymous_2)
FNDA:2,(anonymous_3)
FNDA:3,(anonymous_4)
FNDA:8,(anonymous_5)
FNDA:4,(anonymous_6)
FNDA:13,(anonymous_7)
FNDA:5,(anonymous_8)
FNDA:2,(anonymous_9)
FNDA:2,(anonymous_10)
FNDA:2,(anonymous_11)
FNDA:2,(anonymous_12)
FNDA:2,(anonymous_13)
FNDA:2,(anonymous_14)
DA:3,1
DA:29,41
DA:30,41
DA:31,41
DA:32,41
DA:50,7
DA:55,7
DA:57,7
DA:62,7
DA:75,4
DA:90,2
DA:104,3
DA:106,3
DA:123,8
DA:124,1
DA:127,7
DA:128,7
DA:130,7
DA:131,12
DA:132,0
DA:135,12
DA:138,7
DA:155,4
DA:156,4
DA:157,4
DA:159,4
DA:160,3
DA:161,3
DA:164,3
DA:167,4
DA:169,4
DA:185,13
DA:187,13
DA:205,5
DA:207,5
DA:220,2
DA:222,2
DA:235,2
DA:237,2
DA:246,2
DA:261,2
DA:262,1
DA:272,2
DA:281,2
DA:286,1
DA:287,1
LF:46
LH:45
BRDA:28,0,0,0
BRDA:28,1,0,0
BRDA:31,2,0,41
BRDA:31,2,1,40
BRDA:49,3,0,3
BRDA:123,4,0,1
BRDA:123,4,1,7
BRDA:131,5,0,0
BRDA:131,5,1,12
BRDA:131,6,0,12
BRDA:131,6,1,12
BRDA:138,7,0,4
BRDA:138,7,1,3
BRDA:160,8,0,3
BRDA:160,8,1,0
BRDA:160,9,0,3
BRDA:160,9,1,3
BRDA:261,10,0,1
BRDA:261,10,1,1
BRDA:286,11,0,1
BRDA:286,11,1,0
BRDA:286,12,0,1
BRDA:286,12,1,1
BRF:23
BRH:18
end_of_record
TN:
SF:src/middleware/core/ErrorHandler.js
FN:12,(anonymous_0)
FN:51,(anonymous_1)
FN:102,(anonymous_2)
FN:152,(anonymous_3)
FN:212,(anonymous_4)
FN:250,(anonymous_5)
FN:262,(anonymous_6)
FN:273,(anonymous_7)
FN:312,(anonymous_8)
FNF:9
FNH:9
FNDA:57,(anonymous_0)
FNDA:12,(anonymous_1)
FNDA:21,(anonymous_2)
FNDA:22,(anonymous_3)
FNDA:12,(anonymous_4)
FNDA:16,(anonymous_5)
FNDA:102,(anonymous_6)
FNDA:23,(anonymous_7)
FNDA:5,(anonymous_8)
DA:14,57
DA:24,57
DA:56,12
DA:58,12
DA:59,12
DA:61,12
DA:69,12
DA:70,1
DA:74,12
DA:75,11
DA:84,12
DA:85,6
DA:89,12
DA:91,12
DA:103,21
DA:104,1
DA:108,20
DA:109,2
DA:113,18
DA:114,2
DA:118,16
DA:119,3
DA:123,13
DA:124,1
DA:128,12
DA:129,7
DA:133,5
DA:134,4
DA:137,1
DA:153,22
DA:156,22
DA:157,1
DA:161,21
DA:162,6
DA:166,15
DA:169,2
DA:173,1
DA:177,1
DA:181,2
DA:185,2
DA:189,1
DA:196,5
DA:199,1
DA:213,12
DA:215,2
DA:218,2
DA:219,1
DA:222,1
DA:225,2
DA:228,1
DA:231,5
DA:232,1
DA:235,4
DA:238,0
DA:251,16
DA:262,102
DA:275,23
DA:276,2
DA:280,21
DA:281,10
DA:285,11
DA:286,1
DA:290,10
DA:291,10
DA:294,0
DA:317,5
DA:319,5
DA:324,5
DA:331,5
DA:333,3
DA:334,3
DA:336,1
DA:337,1
DA:339,1
DA:340,1
DA:342,0
DA:346,5
DA:348,0
DA:351,5
DA:356,2
DA:357,2
LF:81
LH:77
BRDA:51,0,0,4
BRDA:53,1,0,6
BRDA:54,2,0,6
BRDA:55,3,0,11
BRDA:59,4,0,12
BRDA:59,4,1,11
BRDA:64,5,0,12
BRDA:64,5,1,11
BRDA:64,5,2,1
BRDA:69,6,0,1
BRDA:69,6,1,11
BRDA:74,7,0,11
BRDA:74,7,1,1
BRDA:74,8,0,12
BRDA:74,8,1,11
BRDA:84,9,0,6
BRDA:84,9,1,6
BRDA:103,10,0,1
BRDA:103,10,1,20
BRDA:108,11,0,2
BRDA:108,11,1,18
BRDA:108,12,0,20
BRDA:108,12,1,18
BRDA:113,13,0,2
BRDA:113,13,1,16
BRDA:113,14,0,18
BRDA:113,14,1,17
BRDA:118,15,0,3
BRDA:118,15,1,13
BRDA:118,16,0,16
BRDA:118,16,1,13
BRDA:123,17,0,1
BRDA:123,17,1,12
BRDA:128,18,0,7
BRDA:128,18,1,5
BRDA:133,19,0,4
BRDA:133,19,1,1
BRDA:152,20,0,8
BRDA:156,21,0,1
BRDA:156,21,1,21
BRDA:156,22,0,22
BRDA:156,22,1,14
BRDA:156,22,2,1
BRDA:161,23,0,6
BRDA:161,23,1,15
BRDA:161,24,0,21
BRDA:161,24,1,13
BRDA:161,24,2,6
BRDA:166,25,0,2
BRDA:166,25,1,2
BRDA:166,25,2,1
BRDA:166,25,3,1
BRDA:166,25,4,1
BRDA:166,25,5,1
BRDA:166,25,6,2
BRDA:166,25,7,2
BRDA:166,25,8,2
BRDA:166,25,9,2
BRDA:166,25,10,1
BRDA:166,25,11,1
BRDA:166,25,12,5
BRDA:166,25,13,5
BRDA:166,25,14,5
BRDA:166,25,15,5
BRDA:166,25,16,5
BRDA:166,25,17,1
BRDA:213,26,0,2
BRDA:213,26,1,2
BRDA:213,26,2,2
BRDA:213,26,3,1
BRDA:213,26,4,5
BRDA:213,26,5,0
BRDA:218,27,0,1
BRDA:218,27,1,1
BRDA:231,28,0,1
BRDA:231,28,1,4
BRDA:275,29,0,2
BRDA:275,29,1,21
BRDA:280,30,0,10
BRDA:280,30,1,11
BRDA:285,31,0,1
BRDA:285,31,1,10
BRDA:290,32,0,10
BRDA:290,32,1,0
BRDA:290,33,0,10
BRDA:290,33,1,10
BRDA:312,34,0,2
BRDA:314,35,0,3
BRDA:315,36,0,5
BRDA:316,37,0,4
BRDA:331,38,0,3
BRDA:331,38,1,1
BRDA:331,38,2,1
BRDA:331,38,3,0
BRDA:346,39,0,0
BRDA:346,39,1,5
BRDA:346,40,0,5
BRDA:346,40,1,0
BRDA:346,40,2,0
BRDA:356,41,0,2
BRDA:356,41,1,0
BRDA:356,42,0,2
BRDA:356,42,1,2
BRF:103
BRH:96
end_of_record
TN:
SF:src/middleware/core/StateManager.js
FN:19,(anonymous_0)
FN:43,(anonymous_1)
FN:110,(anonymous_2)
FN:148,(anonymous_3)
FN:190,(anonymous_4)
FN:212,(anonymous_5)
FN:225,(anonymous_6)
FN:244,(anonymous_7)
FN:258,(anonymous_8)
FN:285,(anonymous_9)
FN:298,(anonymous_10)
FN:311,(anonymous_11)
FN:322,(anonymous_12)
FN:332,(anonymous_13)
FN:351,(anonymous_14)
FNF:15
FNH:15
FNDA:49,(anonymous_0)
FNDA:64,(anonymous_1)
FNDA:31,(anonymous_2)
FNDA:41,(anonymous_3)
FNDA:15,(anonymous_4)
FNDA:25,(anonymous_5)
FNDA:11,(anonymous_6)
FNDA:7,(anonymous_7)
FNDA:3,(anonymous_8)
FNDA:7,(anonymous_9)
FNDA:2,(anonymous_10)
FNDA:2,(anonymous_11)
FNDA:8,(anonymous_12)
FNDA:5,(anonymous_13)
FNDA:2,(anonymous_14)
DA:3,2
DA:20,49
DA:21,49
DA:24,49
DA:44,64
DA:111,31
DA:113,2
DA:116,29
DA:117,29
DA:119,29
DA:120,61
DA:121,1
DA:124,60
DA:128,28
DA:129,15
DA:132,13
DA:149,41
DA:150,41
DA:153,41
DA:155,41
DA:156,44
DA:157,0
DA:160,44
DA:164,41
DA:167,41
DA:170,41
DA:177,41
DA:191,15
DA:193,15
DA:197,15
DA:213,25
DA:214,1
DA:217,24
DA:226,11
DA:245,7
DA:248,7
DA:249,1
DA:251,1
DA:255,6
DA:258,6
DA:259,3
DA:263,6
DA:270,6
DA:286,7
DA:288,7
DA:299,2
DA:301,2
DA:312,2
DA:314,2
DA:323,8
DA:333,5
DA:335,5
DA:340,5
DA:341,5
DA:343,5
DA:352,2
DA:353,2
DA:355,2
DA:360,2
DA:361,2
LF:60
LH:59
BRDA:111,0,0,2
BRDA:111,0,1,29
BRDA:120,1,0,1
BRDA:120,1,1,60
BRDA:120,2,0,61
BRDA:120,2,1,61
BRDA:128,3,0,15
BRDA:128,3,1,13
BRDA:128,4,0,28
BRDA:128,4,1,16
BRDA:156,5,0,0
BRDA:156,5,1,44
BRDA:156,6,0,44
BRDA:156,6,1,44
BRDA:213,7,0,1
BRDA:213,7,1,24
BRDA:244,8,0,6
BRDA:248,9,0,1
BRDA:248,9,1,6
BRDA:323,10,0,8
BRDA:323,10,1,0
BRDA:360,11,0,2
BRDA:360,11,1,0
BRDA:360,12,0,2
BRDA:360,12,1,2
BRF:25
BRH:22
end_of_record
TN:
SF:src/middleware/core/ValidationEngine.js
FN:12,(anonymous_0)
FN:31,(anonymous_1)
FN:83,(anonymous_2)
FN:100,(anonymous_3)
FN:123,(anonymous_4)
FN:179,(anonymous_5)
FN:187,(anonymous_6)
FN:197,(anonymous_7)
FN:212,(anonymous_8)
FN:222,(anonymous_9)
FN:240,(anonymous_10)
FN:251,(anonymous_11)
FN:267,(anonymous_12)
FN:280,(anonymous_13)
FN:299,(anonymous_14)
FNF:15
FNH:14
FNDA:44,(anonymous_0)
FNDA:12,(anonymous_1)
FNDA:9,(anonymous_2)
FNDA:3,(anonymous_3)
FNDA:11,(anonymous_4)
FNDA:9,(anonymous_5)
FNDA:4,(anonymous_6)
FNDA:2,(anonymous_7)
FNDA:1,(anonymous_8)
FNDA:0,(anonymous_9)
FNDA:2,(anonymous_10)
FNDA:45,(anonymous_11)
FNDA:27,(anonymous_12)
FNDA:41,(anonymous_13)
FNDA:4,(anonymous_14)
DA:13,44
DA:32,12
DA:35,12
DA:36,2
DA:39,12
DA:40,2
DA:44,12
DA:45,2
DA:48,12
DA:49,1
DA:53,12
DA:54,3
DA:61,12
DA:84,9
DA:92,9
DA:95,9
DA:96,9
DA:97,9
DA:98,9
DA:100,9
DA:102,9
DA:104,9
DA:105,3
DA:112,9
DA:124,11
DA:127,11
DA:128,7
DA:129,2
DA:132,7
DA:133,1
DA:138,11
DA:139,6
DA:140,1
DA:143,6
DA:144,0
DA:149,11
DA:150,2
DA:154,11
DA:155,1
DA:159,11
DA:160,0
DA:164,11
DA:165,1
DA:168,11
DA:180,9
DA:183,9
DA:184,6
DA:186,6
DA:187,4
DA:189,3
DA:196,6
DA:197,2
DA:199,2
DA:208,9
DA:209,3
DA:211,3
DA:212,1
DA:214,1
DA:221,3
DA:222,0
DA:224,0
DA:232,9
DA:241,2
DA:252,45
DA:268,27
DA:281,41
DA:301,4
DA:304,4
DA:305,4
DA:307,4
DA:309,4
DA:312,4
DA:313,2
DA:315,2
DA:319,4
DA:321,4
DA:324,4
DA:326,4
DA:329,4
DA:331,4
DA:336,2
DA:337,2
LF:82
LH:78
BRDA:35,0,0,2
BRDA:35,0,1,10
BRDA:39,1,0,2
BRDA:39,1,1,10
BRDA:44,2,0,2
BRDA:44,2,1,10
BRDA:44,3,0,12
BRDA:44,3,1,10
BRDA:48,4,0,1
BRDA:48,4,1,11
BRDA:48,5,0,12
BRDA:48,5,1,10
BRDA:53,6,0,3
BRDA:53,6,1,9
BRDA:53,7,0,12
BRDA:53,7,1,10
BRDA:53,7,2,9
BRDA:87,8,0,5
BRDA:88,9,0,5
BRDA:89,10,0,5
BRDA:90,11,0,7
BRDA:91,12,0,5
BRDA:102,13,0,9
BRDA:102,13,1,7
BRDA:102,13,2,6
BRDA:102,13,3,5
BRDA:102,13,4,4
BRDA:104,14,0,3
BRDA:104,14,1,6
BRDA:127,15,0,7
BRDA:127,15,1,4
BRDA:128,16,0,2
BRDA:128,16,1,5
BRDA:128,17,0,7
BRDA:128,17,1,7
BRDA:132,18,0,1
BRDA:132,18,1,6
BRDA:132,19,0,7
BRDA:132,19,1,3
BRDA:138,20,0,6
BRDA:138,20,1,5
BRDA:139,21,0,1
BRDA:139,21,1,5
BRDA:139,22,0,6
BRDA:139,22,1,6
BRDA:143,23,0,0
BRDA:143,23,1,6
BRDA:143,24,0,6
BRDA:143,24,1,2
BRDA:149,25,0,2
BRDA:149,25,1,9
BRDA:149,26,0,11
BRDA:149,26,1,6
BRDA:154,27,0,1
BRDA:154,27,1,10
BRDA:154,28,0,11
BRDA:154,28,1,5
BRDA:159,29,0,0
BRDA:159,29,1,11
BRDA:159,30,0,11
BRDA:159,30,1,2
BRDA:164,31,0,1
BRDA:164,31,1,10
BRDA:164,32,0,11
BRDA:164,32,1,4
BRDA:183,33,0,6
BRDA:183,33,1,3
BRDA:183,34,0,9
BRDA:183,34,1,7
BRDA:184,35,0,0
BRDA:184,36,0,0
BRDA:186,37,0,3
BRDA:186,37,1,3
BRDA:187,38,0,4
BRDA:187,38,1,0
BRDA:196,39,0,2
BRDA:196,39,1,4
BRDA:208,40,0,3
BRDA:208,40,1,6
BRDA:208,41,0,9
BRDA:208,41,1,7
BRDA:209,42,0,0
BRDA:209,43,0,0
BRDA:211,44,0,1
BRDA:211,44,1,2
BRDA:212,45,0,1
BRDA:212,45,1,0
BRDA:221,46,0,0
BRDA:221,46,1,3
BRDA:304,47,0,4
BRDA:304,47,1,0
BRDA:305,48,0,4
BRDA:305,48,1,0
BRDA:312,49,0,2
BRDA:312,49,1,2
BRDA:336,50,0,2
BRDA:336,50,1,0
BRDA:336,51,0,2
BRDA:336,51,1,2
BRF:99
BRH:87
end_of_record
TN:
SF:src/middleware/utils/CacheManager.js
FN:18,(anonymous_0)
FN:40,(anonymous_1)
FN:44,(anonymous_2)
FN:60,(anonymous_3)
FN:93,(anonymous_4)
FN:118,(anonymous_5)
FN:127,(anonymous_6)
FN:132,(anonymous_7)
FN:149,(anonymous_8)
FN:159,(anonymous_9)
FN:169,(anonymous_10)
FNF:11
FNH:11
FNDA:32,(anonymous_0)
FNDA:4,(anonymous_1)
FNDA:6,(anonymous_2)
FNDA:17,(anonymous_3)
FNDA:19,(anonymous_4)
FNDA:13,(anonymous_5)
FNDA:1,(anonymous_6)
FNDA:3,(anonymous_7)
FNDA:5,(anonymous_8)
FNDA:8,(anonymous_9)
FNDA:2,(anonymous_10)
DA:22,32
DA:24,32
DA:25,32
DA:26,32
DA:42,4
DA:44,4
DA:45,6
DA:48,4
DA:61,17
DA:63,17
DA:64,5
DA:68,12
DA:70,12
DA:71,2
DA:73,2
DA:77,10
DA:79,10
DA:94,19
DA:95,19
DA:98,19
DA:99,1
DA:102,19
DA:119,13
DA:128,1
DA:129,1
DA:132,1
DA:133,3
DA:134,2
DA:135,2
DA:139,1
DA:140,1
DA:150,5
DA:160,8
DA:170,2
DA:175,2
DA:176,2
LF:36
LH:36
BRDA:18,0,0,1
BRDA:20,1,0,1
BRDA:21,2,0,1
BRDA:40,3,0,1
BRDA:63,4,0,5
BRDA:63,4,1,12
BRDA:70,5,0,2
BRDA:70,5,1,10
BRDA:70,6,0,12
BRDA:70,6,1,11
BRDA:95,7,0,3
BRDA:95,7,1,16
BRDA:98,8,0,1
BRDA:98,8,1,18
BRDA:98,9,0,19
BRDA:98,9,1,2
BRDA:104,10,0,18
BRDA:104,10,1,1
BRDA:133,11,0,2
BRDA:133,11,1,1
BRDA:139,12,0,1
BRDA:139,12,1,0
BRDA:175,13,0,2
BRDA:175,13,1,0
BRDA:175,14,0,2
BRDA:175,14,1,2
BRF:26
BRH:24
end_of_record
TN:
SF:src/middleware/utils/DataMapper.js
FN:23,(anonymous_0)
FN:68,(anonymous_1)
FN:111,(anonymous_2)
FN:149,(anonymous_3)
FN:186,(anonymous_4)
FN:209,(anonymous_5)
FN:216,(anonymous_6)
FN:236,(anonymous_7)
FN:241,(anonymous_8)
FNF:9
FNH:9
FNDA:5,(anonymous_0)
FNDA:5,(anonymous_1)
FNDA:2,(anonymous_2)
FNDA:2,(anonymous_3)
FNDA:2,(anonymous_4)
FNDA:7,(anonymous_5)
FNDA:12,(anonymous_6)
FNDA:2,(anonymous_7)
FNDA:2,(anonymous_8)
DA:24,5
DA:25,1
DA:28,4
DA:30,4
DA:46,4
DA:47,3
DA:50,1
DA:69,5
DA:70,1
DA:73,4
DA:75,4
DA:87,4
DA:88,1
DA:89,1
DA:93,4
DA:94,1
DA:97,3
DA:112,2
DA:113,1
DA:116,1
DA:118,1
DA:131,1
DA:132,0
DA:135,1
DA:150,2
DA:151,1
DA:154,1
DA:156,1
DA:170,1
DA:171,0
DA:174,1
DA:187,2
DA:188,1
DA:193,1
DA:210,7
DA:211,1
DA:214,6
DA:216,6
DA:217,12
DA:218,11
DA:222,6
DA:237,2
DA:238,1
DA:241,2
DA:246,2
DA:247,2
LF:46
LH:44
BRDA:23,0,0,2
BRDA:24,1,0,1
BRDA:24,1,1,4
BRDA:46,2,0,3
BRDA:46,2,1,1
BRDA:46,3,0,4
BRDA:46,3,1,3
BRDA:68,4,0,3
BRDA:69,5,0,1
BRDA:69,5,1,4
BRDA:73,6,0,3
BRDA:87,7,0,1
BRDA:87,7,1,3
BRDA:88,8,0,1
BRDA:88,8,1,0
BRDA:89,9,0,1
BRDA:89,9,1,0
BRDA:93,10,0,1
BRDA:93,10,1,3
BRDA:93,11,0,4
BRDA:93,11,1,1
BRDA:111,12,0,2
BRDA:112,13,0,1
BRDA:112,13,1,1
BRDA:131,14,0,0
BRDA:131,14,1,1
BRDA:131,15,0,1
BRDA:131,15,1,0
BRDA:149,16,0,2
BRDA:150,17,0,1
BRDA:150,17,1,1
BRDA:170,18,0,0
BRDA:170,18,1,1
BRDA:170,19,0,1
BRDA:170,19,1,0
BRDA:187,20,0,1
BRDA:187,20,1,1
BRDA:210,21,0,1
BRDA:210,21,1,6
BRDA:210,22,0,7
BRDA:210,22,1,7
BRDA:210,22,2,6
BRDA:217,23,0,11
BRDA:217,23,1,1
BRDA:236,24,0,1
BRDA:237,25,0,1
BRDA:237,25,1,1
BRDA:246,26,0,2
BRDA:246,26,1,0
BRDA:246,27,0,2
BRDA:246,27,1,2
BRF:51
BRH:44
end_of_record
TN:
SF:src/middleware/utils/EventEmitter.js
FN:12,(anonymous_0)
FN:28,(anonymous_1)
FN:56,(anonymous_2)
FN:61,(anonymous_3)
FN:86,(anonymous_4)
FN:99,(anonymous_5)
FN:125,(anonymous_6)
FN:134,(anonymous_7)
FN:156,(anonymous_8)
FN:171,(anonymous_9)
FN:184,(anonymous_10)
FNF:11
FNH:11
FNDA:126,(anonymous_0)
FNDA:51,(anonymous_1)
FNDA:8,(anonymous_2)
FNDA:4,(anonymous_3)
FNDA:16,(anonymous_4)
FNDA:17,(anonymous_5)
FNDA:88,(anonymous_6)
FNDA:26,(anonymous_7)
FNDA:2,(anonymous_8)
FNDA:13,(anonymous_9)
FNDA:5,(anonymous_10)
DA:13,126
DA:29,51
DA:30,2
DA:33,49
DA:34,41
DA:37,49
DA:39,49
DA:57,8
DA:58,1
DA:61,7
DA:62,4
DA:63,4
DA:66,7
DA:87,16
DA:88,1
DA:92,15
DA:93,2
DA:95,2
DA:99,17
DA:102,13
DA:103,10
DA:106,13
DA:126,88
DA:127,67
DA:132,21
DA:134,21
DA:135,26
DA:136,26
DA:139,1
DA:143,21
DA:157,2
DA:159,2
DA:172,13
DA:185,5
DA:190,4
DA:191,4
LF:36
LH:36
BRDA:29,0,0,2
BRDA:29,0,1,49
BRDA:33,1,0,41
BRDA:33,1,1,8
BRDA:57,2,0,1
BRDA:57,2,1,7
BRDA:87,3,0,1
BRDA:87,3,1,15
BRDA:92,4,0,2
BRDA:92,4,1,13
BRDA:102,5,0,10
BRDA:102,5,1,3
BRDA:126,6,0,67
BRDA:126,6,1,21
BRDA:172,7,0,7
BRDA:172,7,1,6
BRDA:190,8,0,4
BRDA:190,8,1,0
BRDA:190,9,0,4
BRDA:190,9,1,4
BRF:20
BRH:19
end_of_record
